

Started GET "/" for 127.0.0.1 at 2013-06-14 16:23:05 +0900

ArgumentError (A secret is required to generate an integrity hash for cookie session data. Use config.secret_token = "some secret phrase of at least 30 characters"in config/initializers/secret_token.rb):
  vendor/bundle/ruby/1.9.1/gems/actionpack-3.2.13/lib/action_dispatch/middleware/cookies.rb:319:in `ensure_secret_secure'
  vendor/bundle/ruby/1.9.1/gems/actionpack-3.2.13/lib/action_dispatch/middleware/cookies.rb:284:in `initialize'
  vendor/bundle/ruby/1.9.1/gems/actionpack-3.2.13/lib/action_dispatch/middleware/cookies.rb:231:in `new'
  vendor/bundle/ruby/1.9.1/gems/actionpack-3.2.13/lib/action_dispatch/middleware/cookies.rb:231:in `signed'
  vendor/bundle/ruby/1.9.1/gems/actionpack-3.2.13/lib/action_dispatch/middleware/session/cookie_store.rb:50:in `block in unpacked_cookie_data'
  vendor/bundle/ruby/1.9.1/gems/actionpack-3.2.13/lib/action_dispatch/middleware/session/abstract_store.rb:57:in `stale_session_check!'
  vendor/bundle/ruby/1.9.1/gems/actionpack-3.2.13/lib/action_dispatch/middleware/session/cookie_store.rb:48:in `unpacked_cookie_data'
  vendor/bundle/ruby/1.9.1/gems/rack-1.4.5/lib/rack/session/cookie.rb:107:in `extract_session_id'
  vendor/bundle/ruby/1.9.1/gems/actionpack-3.2.13/lib/action_dispatch/middleware/session/abstract_store.rb:53:in `block in extract_session_id'
  vendor/bundle/ruby/1.9.1/gems/actionpack-3.2.13/lib/action_dispatch/middleware/session/abstract_store.rb:57:in `stale_session_check!'
  vendor/bundle/ruby/1.9.1/gems/actionpack-3.2.13/lib/action_dispatch/middleware/session/abstract_store.rb:53:in `extract_session_id'
  vendor/bundle/ruby/1.9.1/gems/rack-1.4.5/lib/rack/session/abstract/id.rb:43:in `load_session_id!'
  vendor/bundle/ruby/1.9.1/gems/rack-1.4.5/lib/rack/session/abstract/id.rb:32:in `[]'
  vendor/bundle/ruby/1.9.1/gems/rack-1.4.5/lib/rack/session/abstract/id.rb:267:in `current_session_id'
  vendor/bundle/ruby/1.9.1/gems/rack-1.4.5/lib/rack/session/abstract/id.rb:273:in `session_exists?'
  vendor/bundle/ruby/1.9.1/gems/rack-1.4.5/lib/rack/session/abstract/id.rb:107:in `exists?'
  vendor/bundle/ruby/1.9.1/gems/rack-1.4.5/lib/rack/session/abstract/id.rb:127:in `load_for_read!'
  vendor/bundle/ruby/1.9.1/gems/rack-1.4.5/lib/rack/session/abstract/id.rb:64:in `has_key?'
  vendor/bundle/ruby/1.9.1/gems/actionpack-3.2.13/lib/action_dispatch/middleware/flash.rb:258:in `ensure in call'
  vendor/bundle/ruby/1.9.1/gems/actionpack-3.2.13/lib/action_dispatch/middleware/flash.rb:259:in `call'
  vendor/bundle/ruby/1.9.1/gems/rack-1.4.5/lib/rack/session/abstract/id.rb:210:in `context'
  vendor/bundle/ruby/1.9.1/gems/rack-1.4.5/lib/rack/session/abstract/id.rb:205:in `call'
  vendor/bundle/ruby/1.9.1/gems/actionpack-3.2.13/lib/action_dispatch/middleware/cookies.rb:341:in `call'
  vendor/bundle/ruby/1.9.1/gems/actionpack-3.2.13/lib/action_dispatch/middleware/callbacks.rb:28:in `block in call'
  vendor/bundle/ruby/1.9.1/gems/activesupport-3.2.13/lib/active_support/callbacks.rb:405:in `_run__1020135889021765295__call__2126711724879362573__callbacks'
  vendor/bundle/ruby/1.9.1/gems/activesupport-3.2.13/lib/active_support/callbacks.rb:405:in `__run_callback'
  vendor/bundle/ruby/1.9.1/gems/activesupport-3.2.13/lib/active_support/callbacks.rb:385:in `_run_call_callbacks'
  vendor/bundle/ruby/1.9.1/gems/activesupport-3.2.13/lib/active_support/callbacks.rb:81:in `run_callbacks'
  vendor/bundle/ruby/1.9.1/gems/actionpack-3.2.13/lib/action_dispatch/middleware/callbacks.rb:27:in `call'
  vendor/bundle/ruby/1.9.1/gems/actionpack-3.2.13/lib/action_dispatch/middleware/reloader.rb:65:in `call'
  vendor/bundle/ruby/1.9.1/gems/actionpack-3.2.13/lib/action_dispatch/middleware/remote_ip.rb:31:in `call'
  vendor/bundle/ruby/1.9.1/gems/actionpack-3.2.13/lib/action_dispatch/middleware/debug_exceptions.rb:16:in `call'
  vendor/bundle/ruby/1.9.1/gems/actionpack-3.2.13/lib/action_dispatch/middleware/show_exceptions.rb:56:in `call'
  vendor/bundle/ruby/1.9.1/gems/railties-3.2.13/lib/rails/rack/logger.rb:32:in `call_app'
  vendor/bundle/ruby/1.9.1/gems/railties-3.2.13/lib/rails/rack/logger.rb:16:in `block in call'
  vendor/bundle/ruby/1.9.1/gems/activesupport-3.2.13/lib/active_support/tagged_logging.rb:22:in `tagged'
  vendor/bundle/ruby/1.9.1/gems/railties-3.2.13/lib/rails/rack/logger.rb:16:in `call'
  vendor/bundle/ruby/1.9.1/gems/actionpack-3.2.13/lib/action_dispatch/middleware/request_id.rb:22:in `call'
  vendor/bundle/ruby/1.9.1/gems/rack-1.4.5/lib/rack/methodoverride.rb:21:in `call'
  vendor/bundle/ruby/1.9.1/gems/rack-1.4.5/lib/rack/runtime.rb:17:in `call'
  vendor/bundle/ruby/1.9.1/gems/activesupport-3.2.13/lib/active_support/cache/strategy/local_cache.rb:72:in `call'
  vendor/bundle/ruby/1.9.1/gems/rack-1.4.5/lib/rack/lock.rb:15:in `call'
  vendor/bundle/ruby/1.9.1/gems/actionpack-3.2.13/lib/action_dispatch/middleware/static.rb:63:in `call'
  vendor/bundle/ruby/1.9.1/gems/railties-3.2.13/lib/rails/engine.rb:479:in `call'
  vendor/bundle/ruby/1.9.1/gems/railties-3.2.13/lib/rails/application.rb:223:in `call'
  vendor/bundle/ruby/1.9.1/gems/rack-1.4.5/lib/rack/builder.rb:134:in `call'
  vendor/bundle/ruby/1.9.1/gems/rack-1.4.5/lib/rack/urlmap.rb:64:in `block in call'
  vendor/bundle/ruby/1.9.1/gems/rack-1.4.5/lib/rack/urlmap.rb:49:in `each'
  vendor/bundle/ruby/1.9.1/gems/rack-1.4.5/lib/rack/urlmap.rb:49:in `call'
  vendor/bundle/ruby/1.9.1/gems/rack-test-0.6.2/lib/rack/mock_session.rb:30:in `request'
  vendor/bundle/ruby/1.9.1/gems/rack-test-0.6.2/lib/rack/test.rb:230:in `process_request'
  vendor/bundle/ruby/1.9.1/gems/rack-test-0.6.2/lib/rack/test.rb:57:in `get'
  /Users/usr0600239/.rbenv/versions/1.9.3-p194/lib/ruby/1.9.1/forwardable.rb:201:in `get'
  vendor/bundle/ruby/1.9.1/gems/capybara-2.1.0/lib/capybara/rack_test/browser.rb:59:in `process'
  vendor/bundle/ruby/1.9.1/gems/capybara-2.1.0/lib/capybara/rack_test/browser.rb:35:in `process_and_follow_redirects'
  vendor/bundle/ruby/1.9.1/gems/capybara-2.1.0/lib/capybara/rack_test/browser.rb:21:in `visit'
  vendor/bundle/ruby/1.9.1/gems/capybara-2.1.0/lib/capybara/rack_test/driver.rb:42:in `visit'
  vendor/bundle/ruby/1.9.1/gems/capybara-2.1.0/lib/capybara/session.rb:193:in `visit'
  vendor/bundle/ruby/1.9.1/gems/capybara-2.1.0/lib/capybara/dsl.rb:51:in `block (2 levels) in <module:DSL>'
  spec/features/locale_spec.rb:6:in `block (3 levels) in <top (required)>'
  vendor/bundle/ruby/1.9.1/gems/rspec-core-2.13.1/lib/rspec/core/example.rb:237:in `instance_eval'
  vendor/bundle/ruby/1.9.1/gems/rspec-core-2.13.1/lib/rspec/core/example.rb:237:in `instance_eval'
  vendor/bundle/ruby/1.9.1/gems/rspec-core-2.13.1/lib/rspec/core/hooks.rb:21:in `run'
  vendor/bundle/ruby/1.9.1/gems/rspec-core-2.13.1/lib/rspec/core/hooks.rb:66:in `block in run'
  vendor/bundle/ruby/1.9.1/gems/rspec-core-2.13.1/lib/rspec/core/hooks.rb:66:in `each'
  vendor/bundle/ruby/1.9.1/gems/rspec-core-2.13.1/lib/rspec/core/hooks.rb:66:in `run'
  vendor/bundle/ruby/1.9.1/gems/rspec-core-2.13.1/lib/rspec/core/hooks.rb:418:in `run_hook'
  vendor/bundle/ruby/1.9.1/gems/rspec-core-2.13.1/lib/rspec/core/example_group.rb:334:in `run_before_each_hooks'
  vendor/bundle/ruby/1.9.1/gems/rspec-core-2.13.1/lib/rspec/core/example.rb:300:in `run_before_each'
  vendor/bundle/ruby/1.9.1/gems/rspec-core-2.13.1/lib/rspec/core/example.rb:113:in `block in run'
  vendor/bundle/ruby/1.9.1/gems/rspec-core-2.13.1/lib/rspec/core/example.rb:254:in `with_around_each_hooks'
  vendor/bundle/ruby/1.9.1/gems/rspec-core-2.13.1/lib/rspec/core/example.rb:111:in `run'
  vendor/bundle/ruby/1.9.1/gems/rspec-core-2.13.1/lib/rspec/core/example_group.rb:390:in `block in run_examples'
  vendor/bundle/ruby/1.9.1/gems/rspec-core-2.13.1/lib/rspec/core/example_group.rb:386:in `map'
  vendor/bundle/ruby/1.9.1/gems/rspec-core-2.13.1/lib/rspec/core/example_group.rb:386:in `run_examples'
  vendor/bundle/ruby/1.9.1/gems/rspec-core-2.13.1/lib/rspec/core/example_group.rb:371:in `run'
  vendor/bundle/ruby/1.9.1/gems/rspec-core-2.13.1/lib/rspec/core/example_group.rb:372:in `block in run'
  vendor/bundle/ruby/1.9.1/gems/rspec-core-2.13.1/lib/rspec/core/example_group.rb:372:in `map'
  vendor/bundle/ruby/1.9.1/gems/rspec-core-2.13.1/lib/rspec/core/example_group.rb:372:in `run'
  vendor/bundle/ruby/1.9.1/gems/rspec-core-2.13.1/lib/rspec/core/command_line.rb:28:in `block (2 levels) in run'
  vendor/bundle/ruby/1.9.1/gems/rspec-core-2.13.1/lib/rspec/core/command_line.rb:28:in `map'
  vendor/bundle/ruby/1.9.1/gems/rspec-core-2.13.1/lib/rspec/core/command_line.rb:28:in `block in run'
  vendor/bundle/ruby/1.9.1/gems/rspec-core-2.13.1/lib/rspec/core/reporter.rb:34:in `report'
  vendor/bundle/ruby/1.9.1/gems/rspec-core-2.13.1/lib/rspec/core/command_line.rb:25:in `run'
  vendor/bundle/ruby/1.9.1/gems/rspec-core-2.13.1/lib/rspec/core/runner.rb:80:in `run'
  vendor/bundle/ruby/1.9.1/gems/rspec-core-2.13.1/lib/rspec/core/runner.rb:17:in `block in autorun'




Started GET "/" for 127.0.0.1 at 2013-06-14 16:23:40 +0900

ArgumentError (A secret is required to generate an integrity hash for cookie session data. Use config.secret_token = "some secret phrase of at least 30 characters"in config/initializers/secret_token.rb):
  vendor/bundle/ruby/1.9.1/gems/actionpack-3.2.13/lib/action_dispatch/middleware/cookies.rb:319:in `ensure_secret_secure'
  vendor/bundle/ruby/1.9.1/gems/actionpack-3.2.13/lib/action_dispatch/middleware/cookies.rb:284:in `initialize'
  vendor/bundle/ruby/1.9.1/gems/actionpack-3.2.13/lib/action_dispatch/middleware/cookies.rb:231:in `new'
  vendor/bundle/ruby/1.9.1/gems/actionpack-3.2.13/lib/action_dispatch/middleware/cookies.rb:231:in `signed'
  vendor/bundle/ruby/1.9.1/gems/actionpack-3.2.13/lib/action_dispatch/middleware/session/cookie_store.rb:50:in `block in unpacked_cookie_data'
  vendor/bundle/ruby/1.9.1/gems/actionpack-3.2.13/lib/action_dispatch/middleware/session/abstract_store.rb:57:in `stale_session_check!'
  vendor/bundle/ruby/1.9.1/gems/actionpack-3.2.13/lib/action_dispatch/middleware/session/cookie_store.rb:48:in `unpacked_cookie_data'
  vendor/bundle/ruby/1.9.1/gems/rack-1.4.5/lib/rack/session/cookie.rb:107:in `extract_session_id'
  vendor/bundle/ruby/1.9.1/gems/actionpack-3.2.13/lib/action_dispatch/middleware/session/abstract_store.rb:53:in `block in extract_session_id'
  vendor/bundle/ruby/1.9.1/gems/actionpack-3.2.13/lib/action_dispatch/middleware/session/abstract_store.rb:57:in `stale_session_check!'
  vendor/bundle/ruby/1.9.1/gems/actionpack-3.2.13/lib/action_dispatch/middleware/session/abstract_store.rb:53:in `extract_session_id'
  vendor/bundle/ruby/1.9.1/gems/rack-1.4.5/lib/rack/session/abstract/id.rb:43:in `load_session_id!'
  vendor/bundle/ruby/1.9.1/gems/rack-1.4.5/lib/rack/session/abstract/id.rb:32:in `[]'
  vendor/bundle/ruby/1.9.1/gems/rack-1.4.5/lib/rack/session/abstract/id.rb:267:in `current_session_id'
  vendor/bundle/ruby/1.9.1/gems/rack-1.4.5/lib/rack/session/abstract/id.rb:273:in `session_exists?'
  vendor/bundle/ruby/1.9.1/gems/rack-1.4.5/lib/rack/session/abstract/id.rb:107:in `exists?'
  vendor/bundle/ruby/1.9.1/gems/rack-1.4.5/lib/rack/session/abstract/id.rb:127:in `load_for_read!'
  vendor/bundle/ruby/1.9.1/gems/rack-1.4.5/lib/rack/session/abstract/id.rb:64:in `has_key?'
  vendor/bundle/ruby/1.9.1/gems/actionpack-3.2.13/lib/action_dispatch/middleware/flash.rb:258:in `ensure in call'
  vendor/bundle/ruby/1.9.1/gems/actionpack-3.2.13/lib/action_dispatch/middleware/flash.rb:259:in `call'
  vendor/bundle/ruby/1.9.1/gems/rack-1.4.5/lib/rack/session/abstract/id.rb:210:in `context'
  vendor/bundle/ruby/1.9.1/gems/rack-1.4.5/lib/rack/session/abstract/id.rb:205:in `call'
  vendor/bundle/ruby/1.9.1/gems/actionpack-3.2.13/lib/action_dispatch/middleware/cookies.rb:341:in `call'
  vendor/bundle/ruby/1.9.1/gems/actionpack-3.2.13/lib/action_dispatch/middleware/callbacks.rb:28:in `block in call'
  vendor/bundle/ruby/1.9.1/gems/activesupport-3.2.13/lib/active_support/callbacks.rb:405:in `_run__207965808236216030__call__3436539696329797353__callbacks'
  vendor/bundle/ruby/1.9.1/gems/activesupport-3.2.13/lib/active_support/callbacks.rb:405:in `__run_callback'
  vendor/bundle/ruby/1.9.1/gems/activesupport-3.2.13/lib/active_support/callbacks.rb:385:in `_run_call_callbacks'
  vendor/bundle/ruby/1.9.1/gems/activesupport-3.2.13/lib/active_support/callbacks.rb:81:in `run_callbacks'
  vendor/bundle/ruby/1.9.1/gems/actionpack-3.2.13/lib/action_dispatch/middleware/callbacks.rb:27:in `call'
  vendor/bundle/ruby/1.9.1/gems/actionpack-3.2.13/lib/action_dispatch/middleware/reloader.rb:65:in `call'
  vendor/bundle/ruby/1.9.1/gems/actionpack-3.2.13/lib/action_dispatch/middleware/remote_ip.rb:31:in `call'
  vendor/bundle/ruby/1.9.1/gems/actionpack-3.2.13/lib/action_dispatch/middleware/debug_exceptions.rb:16:in `call'
  vendor/bundle/ruby/1.9.1/gems/actionpack-3.2.13/lib/action_dispatch/middleware/show_exceptions.rb:56:in `call'
  vendor/bundle/ruby/1.9.1/gems/railties-3.2.13/lib/rails/rack/logger.rb:32:in `call_app'
  vendor/bundle/ruby/1.9.1/gems/railties-3.2.13/lib/rails/rack/logger.rb:16:in `block in call'
  vendor/bundle/ruby/1.9.1/gems/activesupport-3.2.13/lib/active_support/tagged_logging.rb:22:in `tagged'
  vendor/bundle/ruby/1.9.1/gems/railties-3.2.13/lib/rails/rack/logger.rb:16:in `call'
  vendor/bundle/ruby/1.9.1/gems/actionpack-3.2.13/lib/action_dispatch/middleware/request_id.rb:22:in `call'
  vendor/bundle/ruby/1.9.1/gems/rack-1.4.5/lib/rack/methodoverride.rb:21:in `call'
  vendor/bundle/ruby/1.9.1/gems/rack-1.4.5/lib/rack/runtime.rb:17:in `call'
  vendor/bundle/ruby/1.9.1/gems/activesupport-3.2.13/lib/active_support/cache/strategy/local_cache.rb:72:in `call'
  vendor/bundle/ruby/1.9.1/gems/rack-1.4.5/lib/rack/lock.rb:15:in `call'
  vendor/bundle/ruby/1.9.1/gems/actionpack-3.2.13/lib/action_dispatch/middleware/static.rb:63:in `call'
  vendor/bundle/ruby/1.9.1/gems/railties-3.2.13/lib/rails/engine.rb:479:in `call'
  vendor/bundle/ruby/1.9.1/gems/railties-3.2.13/lib/rails/application.rb:223:in `call'
  vendor/bundle/ruby/1.9.1/gems/rack-1.4.5/lib/rack/builder.rb:134:in `call'
  vendor/bundle/ruby/1.9.1/gems/rack-1.4.5/lib/rack/urlmap.rb:64:in `block in call'
  vendor/bundle/ruby/1.9.1/gems/rack-1.4.5/lib/rack/urlmap.rb:49:in `each'
  vendor/bundle/ruby/1.9.1/gems/rack-1.4.5/lib/rack/urlmap.rb:49:in `call'
  vendor/bundle/ruby/1.9.1/gems/rack-test-0.6.2/lib/rack/mock_session.rb:30:in `request'
  vendor/bundle/ruby/1.9.1/gems/rack-test-0.6.2/lib/rack/test.rb:230:in `process_request'
  vendor/bundle/ruby/1.9.1/gems/rack-test-0.6.2/lib/rack/test.rb:57:in `get'
  /Users/usr0600239/.rbenv/versions/1.9.3-p194/lib/ruby/1.9.1/forwardable.rb:201:in `get'
  vendor/bundle/ruby/1.9.1/gems/capybara-2.1.0/lib/capybara/rack_test/browser.rb:59:in `process'
  vendor/bundle/ruby/1.9.1/gems/capybara-2.1.0/lib/capybara/rack_test/browser.rb:35:in `process_and_follow_redirects'
  vendor/bundle/ruby/1.9.1/gems/capybara-2.1.0/lib/capybara/rack_test/browser.rb:21:in `visit'
  vendor/bundle/ruby/1.9.1/gems/capybara-2.1.0/lib/capybara/rack_test/driver.rb:42:in `visit'
  vendor/bundle/ruby/1.9.1/gems/capybara-2.1.0/lib/capybara/session.rb:193:in `visit'
  vendor/bundle/ruby/1.9.1/gems/capybara-2.1.0/lib/capybara/dsl.rb:51:in `block (2 levels) in <module:DSL>'
  spec/features/locale_spec.rb:6:in `block (3 levels) in <top (required)>'
  vendor/bundle/ruby/1.9.1/gems/rspec-core-2.13.1/lib/rspec/core/example.rb:237:in `instance_eval'
  vendor/bundle/ruby/1.9.1/gems/rspec-core-2.13.1/lib/rspec/core/example.rb:237:in `instance_eval'
  vendor/bundle/ruby/1.9.1/gems/rspec-core-2.13.1/lib/rspec/core/hooks.rb:21:in `run'
  vendor/bundle/ruby/1.9.1/gems/rspec-core-2.13.1/lib/rspec/core/hooks.rb:66:in `block in run'
  vendor/bundle/ruby/1.9.1/gems/rspec-core-2.13.1/lib/rspec/core/hooks.rb:66:in `each'
  vendor/bundle/ruby/1.9.1/gems/rspec-core-2.13.1/lib/rspec/core/hooks.rb:66:in `run'
  vendor/bundle/ruby/1.9.1/gems/rspec-core-2.13.1/lib/rspec/core/hooks.rb:418:in `run_hook'
  vendor/bundle/ruby/1.9.1/gems/rspec-core-2.13.1/lib/rspec/core/example_group.rb:334:in `run_before_each_hooks'
  vendor/bundle/ruby/1.9.1/gems/rspec-core-2.13.1/lib/rspec/core/example.rb:300:in `run_before_each'
  vendor/bundle/ruby/1.9.1/gems/rspec-core-2.13.1/lib/rspec/core/example.rb:113:in `block in run'
  vendor/bundle/ruby/1.9.1/gems/rspec-core-2.13.1/lib/rspec/core/example.rb:254:in `with_around_each_hooks'
  vendor/bundle/ruby/1.9.1/gems/rspec-core-2.13.1/lib/rspec/core/example.rb:111:in `run'
  vendor/bundle/ruby/1.9.1/gems/rspec-core-2.13.1/lib/rspec/core/example_group.rb:390:in `block in run_examples'
  vendor/bundle/ruby/1.9.1/gems/rspec-core-2.13.1/lib/rspec/core/example_group.rb:386:in `map'
  vendor/bundle/ruby/1.9.1/gems/rspec-core-2.13.1/lib/rspec/core/example_group.rb:386:in `run_examples'
  vendor/bundle/ruby/1.9.1/gems/rspec-core-2.13.1/lib/rspec/core/example_group.rb:371:in `run'
  vendor/bundle/ruby/1.9.1/gems/rspec-core-2.13.1/lib/rspec/core/example_group.rb:372:in `block in run'
  vendor/bundle/ruby/1.9.1/gems/rspec-core-2.13.1/lib/rspec/core/example_group.rb:372:in `map'
  vendor/bundle/ruby/1.9.1/gems/rspec-core-2.13.1/lib/rspec/core/example_group.rb:372:in `run'
  vendor/bundle/ruby/1.9.1/gems/rspec-core-2.13.1/lib/rspec/core/command_line.rb:28:in `block (2 levels) in run'
  vendor/bundle/ruby/1.9.1/gems/rspec-core-2.13.1/lib/rspec/core/command_line.rb:28:in `map'
  vendor/bundle/ruby/1.9.1/gems/rspec-core-2.13.1/lib/rspec/core/command_line.rb:28:in `block in run'
  vendor/bundle/ruby/1.9.1/gems/rspec-core-2.13.1/lib/rspec/core/reporter.rb:34:in `report'
  vendor/bundle/ruby/1.9.1/gems/rspec-core-2.13.1/lib/rspec/core/command_line.rb:25:in `run'
  vendor/bundle/ruby/1.9.1/gems/rspec-core-2.13.1/lib/rspec/core/runner.rb:80:in `run'
  vendor/bundle/ruby/1.9.1/gems/rspec-core-2.13.1/lib/rspec/core/runner.rb:17:in `block in autorun'




Started GET "/" for 127.0.0.1 at 2013-06-14 16:23:53 +0900

ArgumentError (A secret is required to generate an integrity hash for cookie session data. Use config.secret_token = "some secret phrase of at least 30 characters"in config/initializers/secret_token.rb):
  vendor/bundle/ruby/1.9.1/gems/actionpack-3.2.13/lib/action_dispatch/middleware/cookies.rb:319:in `ensure_secret_secure'
  vendor/bundle/ruby/1.9.1/gems/actionpack-3.2.13/lib/action_dispatch/middleware/cookies.rb:284:in `initialize'
  vendor/bundle/ruby/1.9.1/gems/actionpack-3.2.13/lib/action_dispatch/middleware/cookies.rb:231:in `new'
  vendor/bundle/ruby/1.9.1/gems/actionpack-3.2.13/lib/action_dispatch/middleware/cookies.rb:231:in `signed'
  vendor/bundle/ruby/1.9.1/gems/actionpack-3.2.13/lib/action_dispatch/middleware/session/cookie_store.rb:50:in `block in unpacked_cookie_data'
  vendor/bundle/ruby/1.9.1/gems/actionpack-3.2.13/lib/action_dispatch/middleware/session/abstract_store.rb:57:in `stale_session_check!'
  vendor/bundle/ruby/1.9.1/gems/actionpack-3.2.13/lib/action_dispatch/middleware/session/cookie_store.rb:48:in `unpacked_cookie_data'
  vendor/bundle/ruby/1.9.1/gems/rack-1.4.5/lib/rack/session/cookie.rb:107:in `extract_session_id'
  vendor/bundle/ruby/1.9.1/gems/actionpack-3.2.13/lib/action_dispatch/middleware/session/abstract_store.rb:53:in `block in extract_session_id'
  vendor/bundle/ruby/1.9.1/gems/actionpack-3.2.13/lib/action_dispatch/middleware/session/abstract_store.rb:57:in `stale_session_check!'
  vendor/bundle/ruby/1.9.1/gems/actionpack-3.2.13/lib/action_dispatch/middleware/session/abstract_store.rb:53:in `extract_session_id'
  vendor/bundle/ruby/1.9.1/gems/rack-1.4.5/lib/rack/session/abstract/id.rb:43:in `load_session_id!'
  vendor/bundle/ruby/1.9.1/gems/rack-1.4.5/lib/rack/session/abstract/id.rb:32:in `[]'
  vendor/bundle/ruby/1.9.1/gems/rack-1.4.5/lib/rack/session/abstract/id.rb:267:in `current_session_id'
  vendor/bundle/ruby/1.9.1/gems/rack-1.4.5/lib/rack/session/abstract/id.rb:273:in `session_exists?'
  vendor/bundle/ruby/1.9.1/gems/rack-1.4.5/lib/rack/session/abstract/id.rb:107:in `exists?'
  vendor/bundle/ruby/1.9.1/gems/rack-1.4.5/lib/rack/session/abstract/id.rb:127:in `load_for_read!'
  vendor/bundle/ruby/1.9.1/gems/rack-1.4.5/lib/rack/session/abstract/id.rb:64:in `has_key?'
  vendor/bundle/ruby/1.9.1/gems/actionpack-3.2.13/lib/action_dispatch/middleware/flash.rb:258:in `ensure in call'
  vendor/bundle/ruby/1.9.1/gems/actionpack-3.2.13/lib/action_dispatch/middleware/flash.rb:259:in `call'
  vendor/bundle/ruby/1.9.1/gems/rack-1.4.5/lib/rack/session/abstract/id.rb:210:in `context'
  vendor/bundle/ruby/1.9.1/gems/rack-1.4.5/lib/rack/session/abstract/id.rb:205:in `call'
  vendor/bundle/ruby/1.9.1/gems/actionpack-3.2.13/lib/action_dispatch/middleware/cookies.rb:341:in `call'
  vendor/bundle/ruby/1.9.1/gems/actionpack-3.2.13/lib/action_dispatch/middleware/callbacks.rb:28:in `block in call'
  vendor/bundle/ruby/1.9.1/gems/activesupport-3.2.13/lib/active_support/callbacks.rb:405:in `_run__3585352170355002099__call__1953570422380800053__callbacks'
  vendor/bundle/ruby/1.9.1/gems/activesupport-3.2.13/lib/active_support/callbacks.rb:405:in `__run_callback'
  vendor/bundle/ruby/1.9.1/gems/activesupport-3.2.13/lib/active_support/callbacks.rb:385:in `_run_call_callbacks'
  vendor/bundle/ruby/1.9.1/gems/activesupport-3.2.13/lib/active_support/callbacks.rb:81:in `run_callbacks'
  vendor/bundle/ruby/1.9.1/gems/actionpack-3.2.13/lib/action_dispatch/middleware/callbacks.rb:27:in `call'
  vendor/bundle/ruby/1.9.1/gems/actionpack-3.2.13/lib/action_dispatch/middleware/reloader.rb:65:in `call'
  vendor/bundle/ruby/1.9.1/gems/actionpack-3.2.13/lib/action_dispatch/middleware/remote_ip.rb:31:in `call'
  vendor/bundle/ruby/1.9.1/gems/actionpack-3.2.13/lib/action_dispatch/middleware/debug_exceptions.rb:16:in `call'
  vendor/bundle/ruby/1.9.1/gems/actionpack-3.2.13/lib/action_dispatch/middleware/show_exceptions.rb:56:in `call'
  vendor/bundle/ruby/1.9.1/gems/railties-3.2.13/lib/rails/rack/logger.rb:32:in `call_app'
  vendor/bundle/ruby/1.9.1/gems/railties-3.2.13/lib/rails/rack/logger.rb:16:in `block in call'
  vendor/bundle/ruby/1.9.1/gems/activesupport-3.2.13/lib/active_support/tagged_logging.rb:22:in `tagged'
  vendor/bundle/ruby/1.9.1/gems/railties-3.2.13/lib/rails/rack/logger.rb:16:in `call'
  vendor/bundle/ruby/1.9.1/gems/actionpack-3.2.13/lib/action_dispatch/middleware/request_id.rb:22:in `call'
  vendor/bundle/ruby/1.9.1/gems/rack-1.4.5/lib/rack/methodoverride.rb:21:in `call'
  vendor/bundle/ruby/1.9.1/gems/rack-1.4.5/lib/rack/runtime.rb:17:in `call'
  vendor/bundle/ruby/1.9.1/gems/activesupport-3.2.13/lib/active_support/cache/strategy/local_cache.rb:72:in `call'
  vendor/bundle/ruby/1.9.1/gems/rack-1.4.5/lib/rack/lock.rb:15:in `call'
  vendor/bundle/ruby/1.9.1/gems/actionpack-3.2.13/lib/action_dispatch/middleware/static.rb:63:in `call'
  vendor/bundle/ruby/1.9.1/gems/railties-3.2.13/lib/rails/engine.rb:479:in `call'
  vendor/bundle/ruby/1.9.1/gems/railties-3.2.13/lib/rails/application.rb:223:in `call'
  vendor/bundle/ruby/1.9.1/gems/rack-1.4.5/lib/rack/builder.rb:134:in `call'
  vendor/bundle/ruby/1.9.1/gems/rack-1.4.5/lib/rack/urlmap.rb:64:in `block in call'
  vendor/bundle/ruby/1.9.1/gems/rack-1.4.5/lib/rack/urlmap.rb:49:in `each'
  vendor/bundle/ruby/1.9.1/gems/rack-1.4.5/lib/rack/urlmap.rb:49:in `call'
  vendor/bundle/ruby/1.9.1/gems/rack-test-0.6.2/lib/rack/mock_session.rb:30:in `request'
  vendor/bundle/ruby/1.9.1/gems/rack-test-0.6.2/lib/rack/test.rb:230:in `process_request'
  vendor/bundle/ruby/1.9.1/gems/rack-test-0.6.2/lib/rack/test.rb:57:in `get'
  /Users/usr0600239/.rbenv/versions/1.9.3-p194/lib/ruby/1.9.1/forwardable.rb:201:in `get'
  vendor/bundle/ruby/1.9.1/gems/capybara-2.1.0/lib/capybara/rack_test/browser.rb:59:in `process'
  vendor/bundle/ruby/1.9.1/gems/capybara-2.1.0/lib/capybara/rack_test/browser.rb:35:in `process_and_follow_redirects'
  vendor/bundle/ruby/1.9.1/gems/capybara-2.1.0/lib/capybara/rack_test/browser.rb:21:in `visit'
  vendor/bundle/ruby/1.9.1/gems/capybara-2.1.0/lib/capybara/rack_test/driver.rb:42:in `visit'
  vendor/bundle/ruby/1.9.1/gems/capybara-2.1.0/lib/capybara/session.rb:193:in `visit'
  vendor/bundle/ruby/1.9.1/gems/capybara-2.1.0/lib/capybara/dsl.rb:51:in `block (2 levels) in <module:DSL>'
  spec/features/locale_spec.rb:6:in `block (3 levels) in <top (required)>'
  vendor/bundle/ruby/1.9.1/gems/rspec-core-2.13.1/lib/rspec/core/example.rb:237:in `instance_eval'
  vendor/bundle/ruby/1.9.1/gems/rspec-core-2.13.1/lib/rspec/core/example.rb:237:in `instance_eval'
  vendor/bundle/ruby/1.9.1/gems/rspec-core-2.13.1/lib/rspec/core/hooks.rb:21:in `run'
  vendor/bundle/ruby/1.9.1/gems/rspec-core-2.13.1/lib/rspec/core/hooks.rb:66:in `block in run'
  vendor/bundle/ruby/1.9.1/gems/rspec-core-2.13.1/lib/rspec/core/hooks.rb:66:in `each'
  vendor/bundle/ruby/1.9.1/gems/rspec-core-2.13.1/lib/rspec/core/hooks.rb:66:in `run'
  vendor/bundle/ruby/1.9.1/gems/rspec-core-2.13.1/lib/rspec/core/hooks.rb:418:in `run_hook'
  vendor/bundle/ruby/1.9.1/gems/rspec-core-2.13.1/lib/rspec/core/example_group.rb:334:in `run_before_each_hooks'
  vendor/bundle/ruby/1.9.1/gems/rspec-core-2.13.1/lib/rspec/core/example.rb:300:in `run_before_each'
  vendor/bundle/ruby/1.9.1/gems/rspec-core-2.13.1/lib/rspec/core/example.rb:113:in `block in run'
  vendor/bundle/ruby/1.9.1/gems/rspec-core-2.13.1/lib/rspec/core/example.rb:254:in `with_around_each_hooks'
  vendor/bundle/ruby/1.9.1/gems/rspec-core-2.13.1/lib/rspec/core/example.rb:111:in `run'
  vendor/bundle/ruby/1.9.1/gems/rspec-core-2.13.1/lib/rspec/core/example_group.rb:390:in `block in run_examples'
  vendor/bundle/ruby/1.9.1/gems/rspec-core-2.13.1/lib/rspec/core/example_group.rb:386:in `map'
  vendor/bundle/ruby/1.9.1/gems/rspec-core-2.13.1/lib/rspec/core/example_group.rb:386:in `run_examples'
  vendor/bundle/ruby/1.9.1/gems/rspec-core-2.13.1/lib/rspec/core/example_group.rb:371:in `run'
  vendor/bundle/ruby/1.9.1/gems/rspec-core-2.13.1/lib/rspec/core/example_group.rb:372:in `block in run'
  vendor/bundle/ruby/1.9.1/gems/rspec-core-2.13.1/lib/rspec/core/example_group.rb:372:in `map'
  vendor/bundle/ruby/1.9.1/gems/rspec-core-2.13.1/lib/rspec/core/example_group.rb:372:in `run'
  vendor/bundle/ruby/1.9.1/gems/rspec-core-2.13.1/lib/rspec/core/command_line.rb:28:in `block (2 levels) in run'
  vendor/bundle/ruby/1.9.1/gems/rspec-core-2.13.1/lib/rspec/core/command_line.rb:28:in `map'
  vendor/bundle/ruby/1.9.1/gems/rspec-core-2.13.1/lib/rspec/core/command_line.rb:28:in `block in run'
  vendor/bundle/ruby/1.9.1/gems/rspec-core-2.13.1/lib/rspec/core/reporter.rb:34:in `report'
  vendor/bundle/ruby/1.9.1/gems/rspec-core-2.13.1/lib/rspec/core/command_line.rb:25:in `run'
  vendor/bundle/ruby/1.9.1/gems/rspec-core-2.13.1/lib/rspec/core/runner.rb:80:in `run'
  vendor/bundle/ruby/1.9.1/gems/rspec-core-2.13.1/lib/rspec/core/runner.rb:17:in `block in autorun'




Started GET "/" for 127.0.0.1 at 2013-06-14 16:24:37 +0900

ArgumentError (A secret is required to generate an integrity hash for cookie session data. Use config.secret_token = "some secret phrase of at least 30 characters"in config/initializers/secret_token.rb):
  vendor/bundle/ruby/1.9.1/gems/actionpack-3.2.13/lib/action_dispatch/middleware/cookies.rb:319:in `ensure_secret_secure'
  vendor/bundle/ruby/1.9.1/gems/actionpack-3.2.13/lib/action_dispatch/middleware/cookies.rb:284:in `initialize'
  vendor/bundle/ruby/1.9.1/gems/actionpack-3.2.13/lib/action_dispatch/middleware/cookies.rb:231:in `new'
  vendor/bundle/ruby/1.9.1/gems/actionpack-3.2.13/lib/action_dispatch/middleware/cookies.rb:231:in `signed'
  vendor/bundle/ruby/1.9.1/gems/actionpack-3.2.13/lib/action_dispatch/middleware/session/cookie_store.rb:50:in `block in unpacked_cookie_data'
  vendor/bundle/ruby/1.9.1/gems/actionpack-3.2.13/lib/action_dispatch/middleware/session/abstract_store.rb:57:in `stale_session_check!'
  vendor/bundle/ruby/1.9.1/gems/actionpack-3.2.13/lib/action_dispatch/middleware/session/cookie_store.rb:48:in `unpacked_cookie_data'
  vendor/bundle/ruby/1.9.1/gems/rack-1.4.5/lib/rack/session/cookie.rb:107:in `extract_session_id'
  vendor/bundle/ruby/1.9.1/gems/actionpack-3.2.13/lib/action_dispatch/middleware/session/abstract_store.rb:53:in `block in extract_session_id'
  vendor/bundle/ruby/1.9.1/gems/actionpack-3.2.13/lib/action_dispatch/middleware/session/abstract_store.rb:57:in `stale_session_check!'
  vendor/bundle/ruby/1.9.1/gems/actionpack-3.2.13/lib/action_dispatch/middleware/session/abstract_store.rb:53:in `extract_session_id'
  vendor/bundle/ruby/1.9.1/gems/rack-1.4.5/lib/rack/session/abstract/id.rb:43:in `load_session_id!'
  vendor/bundle/ruby/1.9.1/gems/rack-1.4.5/lib/rack/session/abstract/id.rb:32:in `[]'
  vendor/bundle/ruby/1.9.1/gems/rack-1.4.5/lib/rack/session/abstract/id.rb:267:in `current_session_id'
  vendor/bundle/ruby/1.9.1/gems/rack-1.4.5/lib/rack/session/abstract/id.rb:273:in `session_exists?'
  vendor/bundle/ruby/1.9.1/gems/rack-1.4.5/lib/rack/session/abstract/id.rb:107:in `exists?'
  vendor/bundle/ruby/1.9.1/gems/rack-1.4.5/lib/rack/session/abstract/id.rb:127:in `load_for_read!'
  vendor/bundle/ruby/1.9.1/gems/rack-1.4.5/lib/rack/session/abstract/id.rb:64:in `has_key?'
  vendor/bundle/ruby/1.9.1/gems/actionpack-3.2.13/lib/action_dispatch/middleware/flash.rb:258:in `ensure in call'
  vendor/bundle/ruby/1.9.1/gems/actionpack-3.2.13/lib/action_dispatch/middleware/flash.rb:259:in `call'
  vendor/bundle/ruby/1.9.1/gems/rack-1.4.5/lib/rack/session/abstract/id.rb:210:in `context'
  vendor/bundle/ruby/1.9.1/gems/rack-1.4.5/lib/rack/session/abstract/id.rb:205:in `call'
  vendor/bundle/ruby/1.9.1/gems/actionpack-3.2.13/lib/action_dispatch/middleware/cookies.rb:341:in `call'
  vendor/bundle/ruby/1.9.1/gems/actionpack-3.2.13/lib/action_dispatch/middleware/callbacks.rb:28:in `block in call'
  vendor/bundle/ruby/1.9.1/gems/activesupport-3.2.13/lib/active_support/callbacks.rb:405:in `_run__4014461892489772748__call__3609945147873442595__callbacks'
  vendor/bundle/ruby/1.9.1/gems/activesupport-3.2.13/lib/active_support/callbacks.rb:405:in `__run_callback'
  vendor/bundle/ruby/1.9.1/gems/activesupport-3.2.13/lib/active_support/callbacks.rb:385:in `_run_call_callbacks'
  vendor/bundle/ruby/1.9.1/gems/activesupport-3.2.13/lib/active_support/callbacks.rb:81:in `run_callbacks'
  vendor/bundle/ruby/1.9.1/gems/actionpack-3.2.13/lib/action_dispatch/middleware/callbacks.rb:27:in `call'
  vendor/bundle/ruby/1.9.1/gems/actionpack-3.2.13/lib/action_dispatch/middleware/reloader.rb:65:in `call'
  vendor/bundle/ruby/1.9.1/gems/actionpack-3.2.13/lib/action_dispatch/middleware/remote_ip.rb:31:in `call'
  vendor/bundle/ruby/1.9.1/gems/actionpack-3.2.13/lib/action_dispatch/middleware/debug_exceptions.rb:16:in `call'
  vendor/bundle/ruby/1.9.1/gems/actionpack-3.2.13/lib/action_dispatch/middleware/show_exceptions.rb:56:in `call'
  vendor/bundle/ruby/1.9.1/gems/railties-3.2.13/lib/rails/rack/logger.rb:32:in `call_app'
  vendor/bundle/ruby/1.9.1/gems/railties-3.2.13/lib/rails/rack/logger.rb:16:in `block in call'
  vendor/bundle/ruby/1.9.1/gems/activesupport-3.2.13/lib/active_support/tagged_logging.rb:22:in `tagged'
  vendor/bundle/ruby/1.9.1/gems/railties-3.2.13/lib/rails/rack/logger.rb:16:in `call'
  vendor/bundle/ruby/1.9.1/gems/actionpack-3.2.13/lib/action_dispatch/middleware/request_id.rb:22:in `call'
  vendor/bundle/ruby/1.9.1/gems/rack-1.4.5/lib/rack/methodoverride.rb:21:in `call'
  vendor/bundle/ruby/1.9.1/gems/rack-1.4.5/lib/rack/runtime.rb:17:in `call'
  vendor/bundle/ruby/1.9.1/gems/activesupport-3.2.13/lib/active_support/cache/strategy/local_cache.rb:72:in `call'
  vendor/bundle/ruby/1.9.1/gems/rack-1.4.5/lib/rack/lock.rb:15:in `call'
  vendor/bundle/ruby/1.9.1/gems/actionpack-3.2.13/lib/action_dispatch/middleware/static.rb:63:in `call'
  vendor/bundle/ruby/1.9.1/gems/railties-3.2.13/lib/rails/engine.rb:479:in `call'
  vendor/bundle/ruby/1.9.1/gems/railties-3.2.13/lib/rails/application.rb:223:in `call'
  vendor/bundle/ruby/1.9.1/gems/rack-1.4.5/lib/rack/builder.rb:134:in `call'
  vendor/bundle/ruby/1.9.1/gems/rack-1.4.5/lib/rack/urlmap.rb:64:in `block in call'
  vendor/bundle/ruby/1.9.1/gems/rack-1.4.5/lib/rack/urlmap.rb:49:in `each'
  vendor/bundle/ruby/1.9.1/gems/rack-1.4.5/lib/rack/urlmap.rb:49:in `call'
  vendor/bundle/ruby/1.9.1/gems/rack-test-0.6.2/lib/rack/mock_session.rb:30:in `request'
  vendor/bundle/ruby/1.9.1/gems/rack-test-0.6.2/lib/rack/test.rb:230:in `process_request'
  vendor/bundle/ruby/1.9.1/gems/rack-test-0.6.2/lib/rack/test.rb:57:in `get'
  /Users/usr0600239/.rbenv/versions/1.9.3-p194/lib/ruby/1.9.1/forwardable.rb:201:in `get'
  vendor/bundle/ruby/1.9.1/gems/capybara-2.1.0/lib/capybara/rack_test/browser.rb:59:in `process'
  vendor/bundle/ruby/1.9.1/gems/capybara-2.1.0/lib/capybara/rack_test/browser.rb:35:in `process_and_follow_redirects'
  vendor/bundle/ruby/1.9.1/gems/capybara-2.1.0/lib/capybara/rack_test/browser.rb:21:in `visit'
  vendor/bundle/ruby/1.9.1/gems/capybara-2.1.0/lib/capybara/rack_test/driver.rb:42:in `visit'
  vendor/bundle/ruby/1.9.1/gems/capybara-2.1.0/lib/capybara/session.rb:193:in `visit'
  vendor/bundle/ruby/1.9.1/gems/capybara-2.1.0/lib/capybara/dsl.rb:51:in `block (2 levels) in <module:DSL>'
  spec/features/locale_spec.rb:6:in `block (3 levels) in <top (required)>'
  vendor/bundle/ruby/1.9.1/gems/rspec-core-2.13.1/lib/rspec/core/example.rb:237:in `instance_eval'
  vendor/bundle/ruby/1.9.1/gems/rspec-core-2.13.1/lib/rspec/core/example.rb:237:in `instance_eval'
  vendor/bundle/ruby/1.9.1/gems/rspec-core-2.13.1/lib/rspec/core/hooks.rb:21:in `run'
  vendor/bundle/ruby/1.9.1/gems/rspec-core-2.13.1/lib/rspec/core/hooks.rb:66:in `block in run'
  vendor/bundle/ruby/1.9.1/gems/rspec-core-2.13.1/lib/rspec/core/hooks.rb:66:in `each'
  vendor/bundle/ruby/1.9.1/gems/rspec-core-2.13.1/lib/rspec/core/hooks.rb:66:in `run'
  vendor/bundle/ruby/1.9.1/gems/rspec-core-2.13.1/lib/rspec/core/hooks.rb:418:in `run_hook'
  vendor/bundle/ruby/1.9.1/gems/rspec-core-2.13.1/lib/rspec/core/example_group.rb:334:in `run_before_each_hooks'
  vendor/bundle/ruby/1.9.1/gems/rspec-core-2.13.1/lib/rspec/core/example.rb:300:in `run_before_each'
  vendor/bundle/ruby/1.9.1/gems/rspec-core-2.13.1/lib/rspec/core/example.rb:113:in `block in run'
  vendor/bundle/ruby/1.9.1/gems/rspec-core-2.13.1/lib/rspec/core/example.rb:254:in `with_around_each_hooks'
  vendor/bundle/ruby/1.9.1/gems/rspec-core-2.13.1/lib/rspec/core/example.rb:111:in `run'
  vendor/bundle/ruby/1.9.1/gems/rspec-core-2.13.1/lib/rspec/core/example_group.rb:390:in `block in run_examples'
  vendor/bundle/ruby/1.9.1/gems/rspec-core-2.13.1/lib/rspec/core/example_group.rb:386:in `map'
  vendor/bundle/ruby/1.9.1/gems/rspec-core-2.13.1/lib/rspec/core/example_group.rb:386:in `run_examples'
  vendor/bundle/ruby/1.9.1/gems/rspec-core-2.13.1/lib/rspec/core/example_group.rb:371:in `run'
  vendor/bundle/ruby/1.9.1/gems/rspec-core-2.13.1/lib/rspec/core/example_group.rb:372:in `block in run'
  vendor/bundle/ruby/1.9.1/gems/rspec-core-2.13.1/lib/rspec/core/example_group.rb:372:in `map'
  vendor/bundle/ruby/1.9.1/gems/rspec-core-2.13.1/lib/rspec/core/example_group.rb:372:in `run'
  vendor/bundle/ruby/1.9.1/gems/rspec-core-2.13.1/lib/rspec/core/command_line.rb:28:in `block (2 levels) in run'
  vendor/bundle/ruby/1.9.1/gems/rspec-core-2.13.1/lib/rspec/core/command_line.rb:28:in `map'
  vendor/bundle/ruby/1.9.1/gems/rspec-core-2.13.1/lib/rspec/core/command_line.rb:28:in `block in run'
  vendor/bundle/ruby/1.9.1/gems/rspec-core-2.13.1/lib/rspec/core/reporter.rb:34:in `report'
  vendor/bundle/ruby/1.9.1/gems/rspec-core-2.13.1/lib/rspec/core/command_line.rb:25:in `run'
  vendor/bundle/ruby/1.9.1/gems/rspec-core-2.13.1/lib/rspec/core/runner.rb:80:in `run'
  vendor/bundle/ruby/1.9.1/gems/rspec-core-2.13.1/lib/rspec/core/runner.rb:17:in `block in autorun'




Started GET "/" for 127.0.0.1 at 2013-06-14 16:25:25 +0900

ArgumentError (A secret is required to generate an integrity hash for cookie session data. Use config.secret_token = "some secret phrase of at least 30 characters"in config/initializers/secret_token.rb):
  vendor/bundle/ruby/1.9.1/gems/actionpack-3.2.13/lib/action_dispatch/middleware/cookies.rb:319:in `ensure_secret_secure'
  vendor/bundle/ruby/1.9.1/gems/actionpack-3.2.13/lib/action_dispatch/middleware/cookies.rb:284:in `initialize'
  vendor/bundle/ruby/1.9.1/gems/actionpack-3.2.13/lib/action_dispatch/middleware/cookies.rb:231:in `new'
  vendor/bundle/ruby/1.9.1/gems/actionpack-3.2.13/lib/action_dispatch/middleware/cookies.rb:231:in `signed'
  vendor/bundle/ruby/1.9.1/gems/actionpack-3.2.13/lib/action_dispatch/middleware/session/cookie_store.rb:50:in `block in unpacked_cookie_data'
  vendor/bundle/ruby/1.9.1/gems/actionpack-3.2.13/lib/action_dispatch/middleware/session/abstract_store.rb:57:in `stale_session_check!'
  vendor/bundle/ruby/1.9.1/gems/actionpack-3.2.13/lib/action_dispatch/middleware/session/cookie_store.rb:48:in `unpacked_cookie_data'
  vendor/bundle/ruby/1.9.1/gems/rack-1.4.5/lib/rack/session/cookie.rb:107:in `extract_session_id'
  vendor/bundle/ruby/1.9.1/gems/actionpack-3.2.13/lib/action_dispatch/middleware/session/abstract_store.rb:53:in `block in extract_session_id'
  vendor/bundle/ruby/1.9.1/gems/actionpack-3.2.13/lib/action_dispatch/middleware/session/abstract_store.rb:57:in `stale_session_check!'
  vendor/bundle/ruby/1.9.1/gems/actionpack-3.2.13/lib/action_dispatch/middleware/session/abstract_store.rb:53:in `extract_session_id'
  vendor/bundle/ruby/1.9.1/gems/rack-1.4.5/lib/rack/session/abstract/id.rb:43:in `load_session_id!'
  vendor/bundle/ruby/1.9.1/gems/rack-1.4.5/lib/rack/session/abstract/id.rb:32:in `[]'
  vendor/bundle/ruby/1.9.1/gems/rack-1.4.5/lib/rack/session/abstract/id.rb:267:in `current_session_id'
  vendor/bundle/ruby/1.9.1/gems/rack-1.4.5/lib/rack/session/abstract/id.rb:273:in `session_exists?'
  vendor/bundle/ruby/1.9.1/gems/rack-1.4.5/lib/rack/session/abstract/id.rb:107:in `exists?'
  vendor/bundle/ruby/1.9.1/gems/rack-1.4.5/lib/rack/session/abstract/id.rb:127:in `load_for_read!'
  vendor/bundle/ruby/1.9.1/gems/rack-1.4.5/lib/rack/session/abstract/id.rb:64:in `has_key?'
  vendor/bundle/ruby/1.9.1/gems/actionpack-3.2.13/lib/action_dispatch/middleware/flash.rb:258:in `ensure in call'
  vendor/bundle/ruby/1.9.1/gems/actionpack-3.2.13/lib/action_dispatch/middleware/flash.rb:259:in `call'
  vendor/bundle/ruby/1.9.1/gems/rack-1.4.5/lib/rack/session/abstract/id.rb:210:in `context'
  vendor/bundle/ruby/1.9.1/gems/rack-1.4.5/lib/rack/session/abstract/id.rb:205:in `call'
  vendor/bundle/ruby/1.9.1/gems/actionpack-3.2.13/lib/action_dispatch/middleware/cookies.rb:341:in `call'
  vendor/bundle/ruby/1.9.1/gems/actionpack-3.2.13/lib/action_dispatch/middleware/callbacks.rb:28:in `block in call'
  vendor/bundle/ruby/1.9.1/gems/activesupport-3.2.13/lib/active_support/callbacks.rb:405:in `_run__3570068829143143018__call__2344466481137828294__callbacks'
  vendor/bundle/ruby/1.9.1/gems/activesupport-3.2.13/lib/active_support/callbacks.rb:405:in `__run_callback'
  vendor/bundle/ruby/1.9.1/gems/activesupport-3.2.13/lib/active_support/callbacks.rb:385:in `_run_call_callbacks'
  vendor/bundle/ruby/1.9.1/gems/activesupport-3.2.13/lib/active_support/callbacks.rb:81:in `run_callbacks'
  vendor/bundle/ruby/1.9.1/gems/actionpack-3.2.13/lib/action_dispatch/middleware/callbacks.rb:27:in `call'
  vendor/bundle/ruby/1.9.1/gems/actionpack-3.2.13/lib/action_dispatch/middleware/reloader.rb:65:in `call'
  vendor/bundle/ruby/1.9.1/gems/actionpack-3.2.13/lib/action_dispatch/middleware/remote_ip.rb:31:in `call'
  vendor/bundle/ruby/1.9.1/gems/actionpack-3.2.13/lib/action_dispatch/middleware/debug_exceptions.rb:16:in `call'
  vendor/bundle/ruby/1.9.1/gems/actionpack-3.2.13/lib/action_dispatch/middleware/show_exceptions.rb:56:in `call'
  vendor/bundle/ruby/1.9.1/gems/railties-3.2.13/lib/rails/rack/logger.rb:32:in `call_app'
  vendor/bundle/ruby/1.9.1/gems/railties-3.2.13/lib/rails/rack/logger.rb:16:in `block in call'
  vendor/bundle/ruby/1.9.1/gems/activesupport-3.2.13/lib/active_support/tagged_logging.rb:22:in `tagged'
  vendor/bundle/ruby/1.9.1/gems/railties-3.2.13/lib/rails/rack/logger.rb:16:in `call'
  vendor/bundle/ruby/1.9.1/gems/actionpack-3.2.13/lib/action_dispatch/middleware/request_id.rb:22:in `call'
  vendor/bundle/ruby/1.9.1/gems/rack-1.4.5/lib/rack/methodoverride.rb:21:in `call'
  vendor/bundle/ruby/1.9.1/gems/rack-1.4.5/lib/rack/runtime.rb:17:in `call'
  vendor/bundle/ruby/1.9.1/gems/activesupport-3.2.13/lib/active_support/cache/strategy/local_cache.rb:72:in `call'
  vendor/bundle/ruby/1.9.1/gems/rack-1.4.5/lib/rack/lock.rb:15:in `call'
  vendor/bundle/ruby/1.9.1/gems/actionpack-3.2.13/lib/action_dispatch/middleware/static.rb:63:in `call'
  vendor/bundle/ruby/1.9.1/gems/railties-3.2.13/lib/rails/engine.rb:479:in `call'
  vendor/bundle/ruby/1.9.1/gems/railties-3.2.13/lib/rails/application.rb:223:in `call'
  vendor/bundle/ruby/1.9.1/gems/rack-1.4.5/lib/rack/builder.rb:134:in `call'
  vendor/bundle/ruby/1.9.1/gems/rack-1.4.5/lib/rack/urlmap.rb:64:in `block in call'
  vendor/bundle/ruby/1.9.1/gems/rack-1.4.5/lib/rack/urlmap.rb:49:in `each'
  vendor/bundle/ruby/1.9.1/gems/rack-1.4.5/lib/rack/urlmap.rb:49:in `call'
  vendor/bundle/ruby/1.9.1/gems/rack-test-0.6.2/lib/rack/mock_session.rb:30:in `request'
  vendor/bundle/ruby/1.9.1/gems/rack-test-0.6.2/lib/rack/test.rb:230:in `process_request'
  vendor/bundle/ruby/1.9.1/gems/rack-test-0.6.2/lib/rack/test.rb:57:in `get'
  /Users/usr0600239/.rbenv/versions/1.9.3-p194/lib/ruby/1.9.1/forwardable.rb:201:in `get'
  vendor/bundle/ruby/1.9.1/gems/capybara-2.1.0/lib/capybara/rack_test/browser.rb:59:in `process'
  vendor/bundle/ruby/1.9.1/gems/capybara-2.1.0/lib/capybara/rack_test/browser.rb:35:in `process_and_follow_redirects'
  vendor/bundle/ruby/1.9.1/gems/capybara-2.1.0/lib/capybara/rack_test/browser.rb:21:in `visit'
  vendor/bundle/ruby/1.9.1/gems/capybara-2.1.0/lib/capybara/rack_test/driver.rb:42:in `visit'
  vendor/bundle/ruby/1.9.1/gems/capybara-2.1.0/lib/capybara/session.rb:193:in `visit'
  vendor/bundle/ruby/1.9.1/gems/capybara-2.1.0/lib/capybara/dsl.rb:51:in `block (2 levels) in <module:DSL>'
  spec/features/locale_spec.rb:6:in `block (3 levels) in <top (required)>'
  vendor/bundle/ruby/1.9.1/gems/rspec-core-2.13.1/lib/rspec/core/example.rb:237:in `instance_eval'
  vendor/bundle/ruby/1.9.1/gems/rspec-core-2.13.1/lib/rspec/core/example.rb:237:in `instance_eval'
  vendor/bundle/ruby/1.9.1/gems/rspec-core-2.13.1/lib/rspec/core/hooks.rb:21:in `run'
  vendor/bundle/ruby/1.9.1/gems/rspec-core-2.13.1/lib/rspec/core/hooks.rb:66:in `block in run'
  vendor/bundle/ruby/1.9.1/gems/rspec-core-2.13.1/lib/rspec/core/hooks.rb:66:in `each'
  vendor/bundle/ruby/1.9.1/gems/rspec-core-2.13.1/lib/rspec/core/hooks.rb:66:in `run'
  vendor/bundle/ruby/1.9.1/gems/rspec-core-2.13.1/lib/rspec/core/hooks.rb:418:in `run_hook'
  vendor/bundle/ruby/1.9.1/gems/rspec-core-2.13.1/lib/rspec/core/example_group.rb:334:in `run_before_each_hooks'
  vendor/bundle/ruby/1.9.1/gems/rspec-core-2.13.1/lib/rspec/core/example.rb:300:in `run_before_each'
  vendor/bundle/ruby/1.9.1/gems/rspec-core-2.13.1/lib/rspec/core/example.rb:113:in `block in run'
  vendor/bundle/ruby/1.9.1/gems/rspec-core-2.13.1/lib/rspec/core/example.rb:254:in `with_around_each_hooks'
  vendor/bundle/ruby/1.9.1/gems/rspec-core-2.13.1/lib/rspec/core/example.rb:111:in `run'
  vendor/bundle/ruby/1.9.1/gems/rspec-core-2.13.1/lib/rspec/core/example_group.rb:390:in `block in run_examples'
  vendor/bundle/ruby/1.9.1/gems/rspec-core-2.13.1/lib/rspec/core/example_group.rb:386:in `map'
  vendor/bundle/ruby/1.9.1/gems/rspec-core-2.13.1/lib/rspec/core/example_group.rb:386:in `run_examples'
  vendor/bundle/ruby/1.9.1/gems/rspec-core-2.13.1/lib/rspec/core/example_group.rb:371:in `run'
  vendor/bundle/ruby/1.9.1/gems/rspec-core-2.13.1/lib/rspec/core/example_group.rb:372:in `block in run'
  vendor/bundle/ruby/1.9.1/gems/rspec-core-2.13.1/lib/rspec/core/example_group.rb:372:in `map'
  vendor/bundle/ruby/1.9.1/gems/rspec-core-2.13.1/lib/rspec/core/example_group.rb:372:in `run'
  vendor/bundle/ruby/1.9.1/gems/rspec-core-2.13.1/lib/rspec/core/command_line.rb:28:in `block (2 levels) in run'
  vendor/bundle/ruby/1.9.1/gems/rspec-core-2.13.1/lib/rspec/core/command_line.rb:28:in `map'
  vendor/bundle/ruby/1.9.1/gems/rspec-core-2.13.1/lib/rspec/core/command_line.rb:28:in `block in run'
  vendor/bundle/ruby/1.9.1/gems/rspec-core-2.13.1/lib/rspec/core/reporter.rb:34:in `report'
  vendor/bundle/ruby/1.9.1/gems/rspec-core-2.13.1/lib/rspec/core/command_line.rb:25:in `run'
  vendor/bundle/ruby/1.9.1/gems/rspec-core-2.13.1/lib/rspec/core/runner.rb:80:in `run'
  vendor/bundle/ruby/1.9.1/gems/rspec-core-2.13.1/lib/rspec/core/runner.rb:17:in `block in autorun'




Started GET "/" for 127.0.0.1 at 2013-06-14 16:25:36 +0900

ArgumentError (A secret is required to generate an integrity hash for cookie session data. Use config.secret_token = "some secret phrase of at least 30 characters"in config/initializers/secret_token.rb):
  vendor/bundle/ruby/1.9.1/gems/actionpack-3.2.13/lib/action_dispatch/middleware/cookies.rb:319:in `ensure_secret_secure'
  vendor/bundle/ruby/1.9.1/gems/actionpack-3.2.13/lib/action_dispatch/middleware/cookies.rb:284:in `initialize'
  vendor/bundle/ruby/1.9.1/gems/actionpack-3.2.13/lib/action_dispatch/middleware/cookies.rb:231:in `new'
  vendor/bundle/ruby/1.9.1/gems/actionpack-3.2.13/lib/action_dispatch/middleware/cookies.rb:231:in `signed'
  vendor/bundle/ruby/1.9.1/gems/actionpack-3.2.13/lib/action_dispatch/middleware/session/cookie_store.rb:50:in `block in unpacked_cookie_data'
  vendor/bundle/ruby/1.9.1/gems/actionpack-3.2.13/lib/action_dispatch/middleware/session/abstract_store.rb:57:in `stale_session_check!'
  vendor/bundle/ruby/1.9.1/gems/actionpack-3.2.13/lib/action_dispatch/middleware/session/cookie_store.rb:48:in `unpacked_cookie_data'
  vendor/bundle/ruby/1.9.1/gems/rack-1.4.5/lib/rack/session/cookie.rb:107:in `extract_session_id'
  vendor/bundle/ruby/1.9.1/gems/actionpack-3.2.13/lib/action_dispatch/middleware/session/abstract_store.rb:53:in `block in extract_session_id'
  vendor/bundle/ruby/1.9.1/gems/actionpack-3.2.13/lib/action_dispatch/middleware/session/abstract_store.rb:57:in `stale_session_check!'
  vendor/bundle/ruby/1.9.1/gems/actionpack-3.2.13/lib/action_dispatch/middleware/session/abstract_store.rb:53:in `extract_session_id'
  vendor/bundle/ruby/1.9.1/gems/rack-1.4.5/lib/rack/session/abstract/id.rb:43:in `load_session_id!'
  vendor/bundle/ruby/1.9.1/gems/rack-1.4.5/lib/rack/session/abstract/id.rb:32:in `[]'
  vendor/bundle/ruby/1.9.1/gems/rack-1.4.5/lib/rack/session/abstract/id.rb:267:in `current_session_id'
  vendor/bundle/ruby/1.9.1/gems/rack-1.4.5/lib/rack/session/abstract/id.rb:273:in `session_exists?'
  vendor/bundle/ruby/1.9.1/gems/rack-1.4.5/lib/rack/session/abstract/id.rb:107:in `exists?'
  vendor/bundle/ruby/1.9.1/gems/rack-1.4.5/lib/rack/session/abstract/id.rb:127:in `load_for_read!'
  vendor/bundle/ruby/1.9.1/gems/rack-1.4.5/lib/rack/session/abstract/id.rb:64:in `has_key?'
  vendor/bundle/ruby/1.9.1/gems/actionpack-3.2.13/lib/action_dispatch/middleware/flash.rb:258:in `ensure in call'
  vendor/bundle/ruby/1.9.1/gems/actionpack-3.2.13/lib/action_dispatch/middleware/flash.rb:259:in `call'
  vendor/bundle/ruby/1.9.1/gems/rack-1.4.5/lib/rack/session/abstract/id.rb:210:in `context'
  vendor/bundle/ruby/1.9.1/gems/rack-1.4.5/lib/rack/session/abstract/id.rb:205:in `call'
  vendor/bundle/ruby/1.9.1/gems/actionpack-3.2.13/lib/action_dispatch/middleware/cookies.rb:341:in `call'
  vendor/bundle/ruby/1.9.1/gems/actionpack-3.2.13/lib/action_dispatch/middleware/callbacks.rb:28:in `block in call'
  vendor/bundle/ruby/1.9.1/gems/activesupport-3.2.13/lib/active_support/callbacks.rb:405:in `_run__4563070968224816341__call__1043051939103664737__callbacks'
  vendor/bundle/ruby/1.9.1/gems/activesupport-3.2.13/lib/active_support/callbacks.rb:405:in `__run_callback'
  vendor/bundle/ruby/1.9.1/gems/activesupport-3.2.13/lib/active_support/callbacks.rb:385:in `_run_call_callbacks'
  vendor/bundle/ruby/1.9.1/gems/activesupport-3.2.13/lib/active_support/callbacks.rb:81:in `run_callbacks'
  vendor/bundle/ruby/1.9.1/gems/actionpack-3.2.13/lib/action_dispatch/middleware/callbacks.rb:27:in `call'
  vendor/bundle/ruby/1.9.1/gems/actionpack-3.2.13/lib/action_dispatch/middleware/reloader.rb:65:in `call'
  vendor/bundle/ruby/1.9.1/gems/actionpack-3.2.13/lib/action_dispatch/middleware/remote_ip.rb:31:in `call'
  vendor/bundle/ruby/1.9.1/gems/actionpack-3.2.13/lib/action_dispatch/middleware/debug_exceptions.rb:16:in `call'
  vendor/bundle/ruby/1.9.1/gems/actionpack-3.2.13/lib/action_dispatch/middleware/show_exceptions.rb:56:in `call'
  vendor/bundle/ruby/1.9.1/gems/railties-3.2.13/lib/rails/rack/logger.rb:32:in `call_app'
  vendor/bundle/ruby/1.9.1/gems/railties-3.2.13/lib/rails/rack/logger.rb:16:in `block in call'
  vendor/bundle/ruby/1.9.1/gems/activesupport-3.2.13/lib/active_support/tagged_logging.rb:22:in `tagged'
  vendor/bundle/ruby/1.9.1/gems/railties-3.2.13/lib/rails/rack/logger.rb:16:in `call'
  vendor/bundle/ruby/1.9.1/gems/actionpack-3.2.13/lib/action_dispatch/middleware/request_id.rb:22:in `call'
  vendor/bundle/ruby/1.9.1/gems/rack-1.4.5/lib/rack/methodoverride.rb:21:in `call'
  vendor/bundle/ruby/1.9.1/gems/rack-1.4.5/lib/rack/runtime.rb:17:in `call'
  vendor/bundle/ruby/1.9.1/gems/activesupport-3.2.13/lib/active_support/cache/strategy/local_cache.rb:72:in `call'
  vendor/bundle/ruby/1.9.1/gems/rack-1.4.5/lib/rack/lock.rb:15:in `call'
  vendor/bundle/ruby/1.9.1/gems/actionpack-3.2.13/lib/action_dispatch/middleware/static.rb:63:in `call'
  vendor/bundle/ruby/1.9.1/gems/railties-3.2.13/lib/rails/engine.rb:479:in `call'
  vendor/bundle/ruby/1.9.1/gems/railties-3.2.13/lib/rails/application.rb:223:in `call'
  vendor/bundle/ruby/1.9.1/gems/rack-1.4.5/lib/rack/builder.rb:134:in `call'
  vendor/bundle/ruby/1.9.1/gems/rack-1.4.5/lib/rack/urlmap.rb:64:in `block in call'
  vendor/bundle/ruby/1.9.1/gems/rack-1.4.5/lib/rack/urlmap.rb:49:in `each'
  vendor/bundle/ruby/1.9.1/gems/rack-1.4.5/lib/rack/urlmap.rb:49:in `call'
  vendor/bundle/ruby/1.9.1/gems/rack-test-0.6.2/lib/rack/mock_session.rb:30:in `request'
  vendor/bundle/ruby/1.9.1/gems/rack-test-0.6.2/lib/rack/test.rb:230:in `process_request'
  vendor/bundle/ruby/1.9.1/gems/rack-test-0.6.2/lib/rack/test.rb:57:in `get'
  /Users/usr0600239/.rbenv/versions/1.9.3-p194/lib/ruby/1.9.1/forwardable.rb:201:in `get'
  vendor/bundle/ruby/1.9.1/gems/capybara-2.1.0/lib/capybara/rack_test/browser.rb:59:in `process'
  vendor/bundle/ruby/1.9.1/gems/capybara-2.1.0/lib/capybara/rack_test/browser.rb:35:in `process_and_follow_redirects'
  vendor/bundle/ruby/1.9.1/gems/capybara-2.1.0/lib/capybara/rack_test/browser.rb:21:in `visit'
  vendor/bundle/ruby/1.9.1/gems/capybara-2.1.0/lib/capybara/rack_test/driver.rb:42:in `visit'
  vendor/bundle/ruby/1.9.1/gems/capybara-2.1.0/lib/capybara/session.rb:193:in `visit'
  vendor/bundle/ruby/1.9.1/gems/capybara-2.1.0/lib/capybara/dsl.rb:51:in `block (2 levels) in <module:DSL>'
  spec/features/locale_spec.rb:6:in `block (3 levels) in <top (required)>'
  vendor/bundle/ruby/1.9.1/gems/rspec-core-2.13.1/lib/rspec/core/example.rb:237:in `instance_eval'
  vendor/bundle/ruby/1.9.1/gems/rspec-core-2.13.1/lib/rspec/core/example.rb:237:in `instance_eval'
  vendor/bundle/ruby/1.9.1/gems/rspec-core-2.13.1/lib/rspec/core/hooks.rb:21:in `run'
  vendor/bundle/ruby/1.9.1/gems/rspec-core-2.13.1/lib/rspec/core/hooks.rb:66:in `block in run'
  vendor/bundle/ruby/1.9.1/gems/rspec-core-2.13.1/lib/rspec/core/hooks.rb:66:in `each'
  vendor/bundle/ruby/1.9.1/gems/rspec-core-2.13.1/lib/rspec/core/hooks.rb:66:in `run'
  vendor/bundle/ruby/1.9.1/gems/rspec-core-2.13.1/lib/rspec/core/hooks.rb:418:in `run_hook'
  vendor/bundle/ruby/1.9.1/gems/rspec-core-2.13.1/lib/rspec/core/example_group.rb:334:in `run_before_each_hooks'
  vendor/bundle/ruby/1.9.1/gems/rspec-core-2.13.1/lib/rspec/core/example.rb:300:in `run_before_each'
  vendor/bundle/ruby/1.9.1/gems/rspec-core-2.13.1/lib/rspec/core/example.rb:113:in `block in run'
  vendor/bundle/ruby/1.9.1/gems/rspec-core-2.13.1/lib/rspec/core/example.rb:254:in `with_around_each_hooks'
  vendor/bundle/ruby/1.9.1/gems/rspec-core-2.13.1/lib/rspec/core/example.rb:111:in `run'
  vendor/bundle/ruby/1.9.1/gems/rspec-core-2.13.1/lib/rspec/core/example_group.rb:390:in `block in run_examples'
  vendor/bundle/ruby/1.9.1/gems/rspec-core-2.13.1/lib/rspec/core/example_group.rb:386:in `map'
  vendor/bundle/ruby/1.9.1/gems/rspec-core-2.13.1/lib/rspec/core/example_group.rb:386:in `run_examples'
  vendor/bundle/ruby/1.9.1/gems/rspec-core-2.13.1/lib/rspec/core/example_group.rb:371:in `run'
  vendor/bundle/ruby/1.9.1/gems/rspec-core-2.13.1/lib/rspec/core/example_group.rb:372:in `block in run'
  vendor/bundle/ruby/1.9.1/gems/rspec-core-2.13.1/lib/rspec/core/example_group.rb:372:in `map'
  vendor/bundle/ruby/1.9.1/gems/rspec-core-2.13.1/lib/rspec/core/example_group.rb:372:in `run'
  vendor/bundle/ruby/1.9.1/gems/rspec-core-2.13.1/lib/rspec/core/command_line.rb:28:in `block (2 levels) in run'
  vendor/bundle/ruby/1.9.1/gems/rspec-core-2.13.1/lib/rspec/core/command_line.rb:28:in `map'
  vendor/bundle/ruby/1.9.1/gems/rspec-core-2.13.1/lib/rspec/core/command_line.rb:28:in `block in run'
  vendor/bundle/ruby/1.9.1/gems/rspec-core-2.13.1/lib/rspec/core/reporter.rb:34:in `report'
  vendor/bundle/ruby/1.9.1/gems/rspec-core-2.13.1/lib/rspec/core/command_line.rb:25:in `run'
  vendor/bundle/ruby/1.9.1/gems/rspec-core-2.13.1/lib/rspec/core/runner.rb:80:in `run'
  vendor/bundle/ruby/1.9.1/gems/rspec-core-2.13.1/lib/rspec/core/runner.rb:17:in `block in autorun'




Started GET "/" for 127.0.0.1 at 2013-06-14 16:26:04 +0900

ArgumentError (A secret is required to generate an integrity hash for cookie session data. Use config.secret_token = "some secret phrase of at least 30 characters"in config/initializers/secret_token.rb):
  vendor/bundle/ruby/1.9.1/gems/actionpack-3.2.13/lib/action_dispatch/middleware/cookies.rb:319:in `ensure_secret_secure'
  vendor/bundle/ruby/1.9.1/gems/actionpack-3.2.13/lib/action_dispatch/middleware/cookies.rb:284:in `initialize'
  vendor/bundle/ruby/1.9.1/gems/actionpack-3.2.13/lib/action_dispatch/middleware/cookies.rb:231:in `new'
  vendor/bundle/ruby/1.9.1/gems/actionpack-3.2.13/lib/action_dispatch/middleware/cookies.rb:231:in `signed'
  vendor/bundle/ruby/1.9.1/gems/actionpack-3.2.13/lib/action_dispatch/middleware/session/cookie_store.rb:50:in `block in unpacked_cookie_data'
  vendor/bundle/ruby/1.9.1/gems/actionpack-3.2.13/lib/action_dispatch/middleware/session/abstract_store.rb:57:in `stale_session_check!'
  vendor/bundle/ruby/1.9.1/gems/actionpack-3.2.13/lib/action_dispatch/middleware/session/cookie_store.rb:48:in `unpacked_cookie_data'
  vendor/bundle/ruby/1.9.1/gems/rack-1.4.5/lib/rack/session/cookie.rb:107:in `extract_session_id'
  vendor/bundle/ruby/1.9.1/gems/actionpack-3.2.13/lib/action_dispatch/middleware/session/abstract_store.rb:53:in `block in extract_session_id'
  vendor/bundle/ruby/1.9.1/gems/actionpack-3.2.13/lib/action_dispatch/middleware/session/abstract_store.rb:57:in `stale_session_check!'
  vendor/bundle/ruby/1.9.1/gems/actionpack-3.2.13/lib/action_dispatch/middleware/session/abstract_store.rb:53:in `extract_session_id'
  vendor/bundle/ruby/1.9.1/gems/rack-1.4.5/lib/rack/session/abstract/id.rb:43:in `load_session_id!'
  vendor/bundle/ruby/1.9.1/gems/rack-1.4.5/lib/rack/session/abstract/id.rb:32:in `[]'
  vendor/bundle/ruby/1.9.1/gems/rack-1.4.5/lib/rack/session/abstract/id.rb:267:in `current_session_id'
  vendor/bundle/ruby/1.9.1/gems/rack-1.4.5/lib/rack/session/abstract/id.rb:273:in `session_exists?'
  vendor/bundle/ruby/1.9.1/gems/rack-1.4.5/lib/rack/session/abstract/id.rb:107:in `exists?'
  vendor/bundle/ruby/1.9.1/gems/rack-1.4.5/lib/rack/session/abstract/id.rb:127:in `load_for_read!'
  vendor/bundle/ruby/1.9.1/gems/rack-1.4.5/lib/rack/session/abstract/id.rb:64:in `has_key?'
  vendor/bundle/ruby/1.9.1/gems/actionpack-3.2.13/lib/action_dispatch/middleware/flash.rb:258:in `ensure in call'
  vendor/bundle/ruby/1.9.1/gems/actionpack-3.2.13/lib/action_dispatch/middleware/flash.rb:259:in `call'
  vendor/bundle/ruby/1.9.1/gems/rack-1.4.5/lib/rack/session/abstract/id.rb:210:in `context'
  vendor/bundle/ruby/1.9.1/gems/rack-1.4.5/lib/rack/session/abstract/id.rb:205:in `call'
  vendor/bundle/ruby/1.9.1/gems/actionpack-3.2.13/lib/action_dispatch/middleware/cookies.rb:341:in `call'
  vendor/bundle/ruby/1.9.1/gems/actionpack-3.2.13/lib/action_dispatch/middleware/callbacks.rb:28:in `block in call'
  vendor/bundle/ruby/1.9.1/gems/activesupport-3.2.13/lib/active_support/callbacks.rb:405:in `_run__996971565681626374__call__385600363788689342__callbacks'
  vendor/bundle/ruby/1.9.1/gems/activesupport-3.2.13/lib/active_support/callbacks.rb:405:in `__run_callback'
  vendor/bundle/ruby/1.9.1/gems/activesupport-3.2.13/lib/active_support/callbacks.rb:385:in `_run_call_callbacks'
  vendor/bundle/ruby/1.9.1/gems/activesupport-3.2.13/lib/active_support/callbacks.rb:81:in `run_callbacks'
  vendor/bundle/ruby/1.9.1/gems/actionpack-3.2.13/lib/action_dispatch/middleware/callbacks.rb:27:in `call'
  vendor/bundle/ruby/1.9.1/gems/actionpack-3.2.13/lib/action_dispatch/middleware/reloader.rb:65:in `call'
  vendor/bundle/ruby/1.9.1/gems/actionpack-3.2.13/lib/action_dispatch/middleware/remote_ip.rb:31:in `call'
  vendor/bundle/ruby/1.9.1/gems/actionpack-3.2.13/lib/action_dispatch/middleware/debug_exceptions.rb:16:in `call'
  vendor/bundle/ruby/1.9.1/gems/actionpack-3.2.13/lib/action_dispatch/middleware/show_exceptions.rb:56:in `call'
  vendor/bundle/ruby/1.9.1/gems/railties-3.2.13/lib/rails/rack/logger.rb:32:in `call_app'
  vendor/bundle/ruby/1.9.1/gems/railties-3.2.13/lib/rails/rack/logger.rb:16:in `block in call'
  vendor/bundle/ruby/1.9.1/gems/activesupport-3.2.13/lib/active_support/tagged_logging.rb:22:in `tagged'
  vendor/bundle/ruby/1.9.1/gems/railties-3.2.13/lib/rails/rack/logger.rb:16:in `call'
  vendor/bundle/ruby/1.9.1/gems/actionpack-3.2.13/lib/action_dispatch/middleware/request_id.rb:22:in `call'
  vendor/bundle/ruby/1.9.1/gems/rack-1.4.5/lib/rack/methodoverride.rb:21:in `call'
  vendor/bundle/ruby/1.9.1/gems/rack-1.4.5/lib/rack/runtime.rb:17:in `call'
  vendor/bundle/ruby/1.9.1/gems/activesupport-3.2.13/lib/active_support/cache/strategy/local_cache.rb:72:in `call'
  vendor/bundle/ruby/1.9.1/gems/rack-1.4.5/lib/rack/lock.rb:15:in `call'
  vendor/bundle/ruby/1.9.1/gems/actionpack-3.2.13/lib/action_dispatch/middleware/static.rb:63:in `call'
  vendor/bundle/ruby/1.9.1/gems/railties-3.2.13/lib/rails/engine.rb:479:in `call'
  vendor/bundle/ruby/1.9.1/gems/railties-3.2.13/lib/rails/application.rb:223:in `call'
  vendor/bundle/ruby/1.9.1/gems/rack-1.4.5/lib/rack/builder.rb:134:in `call'
  vendor/bundle/ruby/1.9.1/gems/rack-1.4.5/lib/rack/urlmap.rb:64:in `block in call'
  vendor/bundle/ruby/1.9.1/gems/rack-1.4.5/lib/rack/urlmap.rb:49:in `each'
  vendor/bundle/ruby/1.9.1/gems/rack-1.4.5/lib/rack/urlmap.rb:49:in `call'
  vendor/bundle/ruby/1.9.1/gems/rack-test-0.6.2/lib/rack/mock_session.rb:30:in `request'
  vendor/bundle/ruby/1.9.1/gems/rack-test-0.6.2/lib/rack/test.rb:230:in `process_request'
  vendor/bundle/ruby/1.9.1/gems/rack-test-0.6.2/lib/rack/test.rb:57:in `get'
  /Users/usr0600239/.rbenv/versions/1.9.3-p194/lib/ruby/1.9.1/forwardable.rb:201:in `get'
  vendor/bundle/ruby/1.9.1/gems/capybara-2.1.0/lib/capybara/rack_test/browser.rb:59:in `process'
  vendor/bundle/ruby/1.9.1/gems/capybara-2.1.0/lib/capybara/rack_test/browser.rb:35:in `process_and_follow_redirects'
  vendor/bundle/ruby/1.9.1/gems/capybara-2.1.0/lib/capybara/rack_test/browser.rb:21:in `visit'
  vendor/bundle/ruby/1.9.1/gems/capybara-2.1.0/lib/capybara/rack_test/driver.rb:42:in `visit'
  vendor/bundle/ruby/1.9.1/gems/capybara-2.1.0/lib/capybara/session.rb:193:in `visit'
  vendor/bundle/ruby/1.9.1/gems/capybara-2.1.0/lib/capybara/dsl.rb:51:in `block (2 levels) in <module:DSL>'
  spec/features/locale_spec.rb:6:in `block (3 levels) in <top (required)>'
  vendor/bundle/ruby/1.9.1/gems/rspec-core-2.13.1/lib/rspec/core/example.rb:237:in `instance_eval'
  vendor/bundle/ruby/1.9.1/gems/rspec-core-2.13.1/lib/rspec/core/example.rb:237:in `instance_eval'
  vendor/bundle/ruby/1.9.1/gems/rspec-core-2.13.1/lib/rspec/core/hooks.rb:21:in `run'
  vendor/bundle/ruby/1.9.1/gems/rspec-core-2.13.1/lib/rspec/core/hooks.rb:66:in `block in run'
  vendor/bundle/ruby/1.9.1/gems/rspec-core-2.13.1/lib/rspec/core/hooks.rb:66:in `each'
  vendor/bundle/ruby/1.9.1/gems/rspec-core-2.13.1/lib/rspec/core/hooks.rb:66:in `run'
  vendor/bundle/ruby/1.9.1/gems/rspec-core-2.13.1/lib/rspec/core/hooks.rb:418:in `run_hook'
  vendor/bundle/ruby/1.9.1/gems/rspec-core-2.13.1/lib/rspec/core/example_group.rb:334:in `run_before_each_hooks'
  vendor/bundle/ruby/1.9.1/gems/rspec-core-2.13.1/lib/rspec/core/example.rb:300:in `run_before_each'
  vendor/bundle/ruby/1.9.1/gems/rspec-core-2.13.1/lib/rspec/core/example.rb:113:in `block in run'
  vendor/bundle/ruby/1.9.1/gems/rspec-core-2.13.1/lib/rspec/core/example.rb:254:in `with_around_each_hooks'
  vendor/bundle/ruby/1.9.1/gems/rspec-core-2.13.1/lib/rspec/core/example.rb:111:in `run'
  vendor/bundle/ruby/1.9.1/gems/rspec-core-2.13.1/lib/rspec/core/example_group.rb:390:in `block in run_examples'
  vendor/bundle/ruby/1.9.1/gems/rspec-core-2.13.1/lib/rspec/core/example_group.rb:386:in `map'
  vendor/bundle/ruby/1.9.1/gems/rspec-core-2.13.1/lib/rspec/core/example_group.rb:386:in `run_examples'
  vendor/bundle/ruby/1.9.1/gems/rspec-core-2.13.1/lib/rspec/core/example_group.rb:371:in `run'
  vendor/bundle/ruby/1.9.1/gems/rspec-core-2.13.1/lib/rspec/core/example_group.rb:372:in `block in run'
  vendor/bundle/ruby/1.9.1/gems/rspec-core-2.13.1/lib/rspec/core/example_group.rb:372:in `map'
  vendor/bundle/ruby/1.9.1/gems/rspec-core-2.13.1/lib/rspec/core/example_group.rb:372:in `run'
  vendor/bundle/ruby/1.9.1/gems/rspec-core-2.13.1/lib/rspec/core/command_line.rb:28:in `block (2 levels) in run'
  vendor/bundle/ruby/1.9.1/gems/rspec-core-2.13.1/lib/rspec/core/command_line.rb:28:in `map'
  vendor/bundle/ruby/1.9.1/gems/rspec-core-2.13.1/lib/rspec/core/command_line.rb:28:in `block in run'
  vendor/bundle/ruby/1.9.1/gems/rspec-core-2.13.1/lib/rspec/core/reporter.rb:34:in `report'
  vendor/bundle/ruby/1.9.1/gems/rspec-core-2.13.1/lib/rspec/core/command_line.rb:25:in `run'
  vendor/bundle/ruby/1.9.1/gems/rspec-core-2.13.1/lib/rspec/core/runner.rb:80:in `run'
  vendor/bundle/ruby/1.9.1/gems/rspec-core-2.13.1/lib/rspec/core/runner.rb:17:in `block in autorun'




Started GET "/" for 127.0.0.1 at 2013-06-14 16:26:20 +0900

ArgumentError (A secret is required to generate an integrity hash for cookie session data. Use config.secret_token = "some secret phrase of at least 30 characters"in config/initializers/secret_token.rb):
  vendor/bundle/ruby/1.9.1/gems/actionpack-3.2.13/lib/action_dispatch/middleware/cookies.rb:319:in `ensure_secret_secure'
  vendor/bundle/ruby/1.9.1/gems/actionpack-3.2.13/lib/action_dispatch/middleware/cookies.rb:284:in `initialize'
  vendor/bundle/ruby/1.9.1/gems/actionpack-3.2.13/lib/action_dispatch/middleware/cookies.rb:231:in `new'
  vendor/bundle/ruby/1.9.1/gems/actionpack-3.2.13/lib/action_dispatch/middleware/cookies.rb:231:in `signed'
  vendor/bundle/ruby/1.9.1/gems/actionpack-3.2.13/lib/action_dispatch/middleware/session/cookie_store.rb:50:in `block in unpacked_cookie_data'
  vendor/bundle/ruby/1.9.1/gems/actionpack-3.2.13/lib/action_dispatch/middleware/session/abstract_store.rb:57:in `stale_session_check!'
  vendor/bundle/ruby/1.9.1/gems/actionpack-3.2.13/lib/action_dispatch/middleware/session/cookie_store.rb:48:in `unpacked_cookie_data'
  vendor/bundle/ruby/1.9.1/gems/rack-1.4.5/lib/rack/session/cookie.rb:107:in `extract_session_id'
  vendor/bundle/ruby/1.9.1/gems/actionpack-3.2.13/lib/action_dispatch/middleware/session/abstract_store.rb:53:in `block in extract_session_id'
  vendor/bundle/ruby/1.9.1/gems/actionpack-3.2.13/lib/action_dispatch/middleware/session/abstract_store.rb:57:in `stale_session_check!'
  vendor/bundle/ruby/1.9.1/gems/actionpack-3.2.13/lib/action_dispatch/middleware/session/abstract_store.rb:53:in `extract_session_id'
  vendor/bundle/ruby/1.9.1/gems/rack-1.4.5/lib/rack/session/abstract/id.rb:43:in `load_session_id!'
  vendor/bundle/ruby/1.9.1/gems/rack-1.4.5/lib/rack/session/abstract/id.rb:32:in `[]'
  vendor/bundle/ruby/1.9.1/gems/rack-1.4.5/lib/rack/session/abstract/id.rb:267:in `current_session_id'
  vendor/bundle/ruby/1.9.1/gems/rack-1.4.5/lib/rack/session/abstract/id.rb:273:in `session_exists?'
  vendor/bundle/ruby/1.9.1/gems/rack-1.4.5/lib/rack/session/abstract/id.rb:107:in `exists?'
  vendor/bundle/ruby/1.9.1/gems/rack-1.4.5/lib/rack/session/abstract/id.rb:127:in `load_for_read!'
  vendor/bundle/ruby/1.9.1/gems/rack-1.4.5/lib/rack/session/abstract/id.rb:64:in `has_key?'
  vendor/bundle/ruby/1.9.1/gems/actionpack-3.2.13/lib/action_dispatch/middleware/flash.rb:258:in `ensure in call'
  vendor/bundle/ruby/1.9.1/gems/actionpack-3.2.13/lib/action_dispatch/middleware/flash.rb:259:in `call'
  vendor/bundle/ruby/1.9.1/gems/rack-1.4.5/lib/rack/session/abstract/id.rb:210:in `context'
  vendor/bundle/ruby/1.9.1/gems/rack-1.4.5/lib/rack/session/abstract/id.rb:205:in `call'
  vendor/bundle/ruby/1.9.1/gems/actionpack-3.2.13/lib/action_dispatch/middleware/cookies.rb:341:in `call'
  vendor/bundle/ruby/1.9.1/gems/actionpack-3.2.13/lib/action_dispatch/middleware/callbacks.rb:28:in `block in call'
  vendor/bundle/ruby/1.9.1/gems/activesupport-3.2.13/lib/active_support/callbacks.rb:405:in `_run__22592336568879823__call__1494607932489626551__callbacks'
  vendor/bundle/ruby/1.9.1/gems/activesupport-3.2.13/lib/active_support/callbacks.rb:405:in `__run_callback'
  vendor/bundle/ruby/1.9.1/gems/activesupport-3.2.13/lib/active_support/callbacks.rb:385:in `_run_call_callbacks'
  vendor/bundle/ruby/1.9.1/gems/activesupport-3.2.13/lib/active_support/callbacks.rb:81:in `run_callbacks'
  vendor/bundle/ruby/1.9.1/gems/actionpack-3.2.13/lib/action_dispatch/middleware/callbacks.rb:27:in `call'
  vendor/bundle/ruby/1.9.1/gems/actionpack-3.2.13/lib/action_dispatch/middleware/reloader.rb:65:in `call'
  vendor/bundle/ruby/1.9.1/gems/actionpack-3.2.13/lib/action_dispatch/middleware/remote_ip.rb:31:in `call'
  vendor/bundle/ruby/1.9.1/gems/actionpack-3.2.13/lib/action_dispatch/middleware/debug_exceptions.rb:16:in `call'
  vendor/bundle/ruby/1.9.1/gems/actionpack-3.2.13/lib/action_dispatch/middleware/show_exceptions.rb:56:in `call'
  vendor/bundle/ruby/1.9.1/gems/railties-3.2.13/lib/rails/rack/logger.rb:32:in `call_app'
  vendor/bundle/ruby/1.9.1/gems/railties-3.2.13/lib/rails/rack/logger.rb:16:in `block in call'
  vendor/bundle/ruby/1.9.1/gems/activesupport-3.2.13/lib/active_support/tagged_logging.rb:22:in `tagged'
  vendor/bundle/ruby/1.9.1/gems/railties-3.2.13/lib/rails/rack/logger.rb:16:in `call'
  vendor/bundle/ruby/1.9.1/gems/actionpack-3.2.13/lib/action_dispatch/middleware/request_id.rb:22:in `call'
  vendor/bundle/ruby/1.9.1/gems/rack-1.4.5/lib/rack/methodoverride.rb:21:in `call'
  vendor/bundle/ruby/1.9.1/gems/rack-1.4.5/lib/rack/runtime.rb:17:in `call'
  vendor/bundle/ruby/1.9.1/gems/activesupport-3.2.13/lib/active_support/cache/strategy/local_cache.rb:72:in `call'
  vendor/bundle/ruby/1.9.1/gems/rack-1.4.5/lib/rack/lock.rb:15:in `call'
  vendor/bundle/ruby/1.9.1/gems/actionpack-3.2.13/lib/action_dispatch/middleware/static.rb:63:in `call'
  vendor/bundle/ruby/1.9.1/gems/railties-3.2.13/lib/rails/engine.rb:479:in `call'
  vendor/bundle/ruby/1.9.1/gems/railties-3.2.13/lib/rails/application.rb:223:in `call'
  vendor/bundle/ruby/1.9.1/gems/rack-1.4.5/lib/rack/builder.rb:134:in `call'
  vendor/bundle/ruby/1.9.1/gems/rack-1.4.5/lib/rack/urlmap.rb:64:in `block in call'
  vendor/bundle/ruby/1.9.1/gems/rack-1.4.5/lib/rack/urlmap.rb:49:in `each'
  vendor/bundle/ruby/1.9.1/gems/rack-1.4.5/lib/rack/urlmap.rb:49:in `call'
  vendor/bundle/ruby/1.9.1/gems/rack-test-0.6.2/lib/rack/mock_session.rb:30:in `request'
  vendor/bundle/ruby/1.9.1/gems/rack-test-0.6.2/lib/rack/test.rb:230:in `process_request'
  vendor/bundle/ruby/1.9.1/gems/rack-test-0.6.2/lib/rack/test.rb:57:in `get'
  /Users/usr0600239/.rbenv/versions/1.9.3-p194/lib/ruby/1.9.1/forwardable.rb:201:in `get'
  vendor/bundle/ruby/1.9.1/gems/capybara-2.1.0/lib/capybara/rack_test/browser.rb:59:in `process'
  vendor/bundle/ruby/1.9.1/gems/capybara-2.1.0/lib/capybara/rack_test/browser.rb:35:in `process_and_follow_redirects'
  vendor/bundle/ruby/1.9.1/gems/capybara-2.1.0/lib/capybara/rack_test/browser.rb:21:in `visit'
  vendor/bundle/ruby/1.9.1/gems/capybara-2.1.0/lib/capybara/rack_test/driver.rb:42:in `visit'
  vendor/bundle/ruby/1.9.1/gems/capybara-2.1.0/lib/capybara/session.rb:193:in `visit'
  vendor/bundle/ruby/1.9.1/gems/capybara-2.1.0/lib/capybara/dsl.rb:51:in `block (2 levels) in <module:DSL>'
  spec/features/locale_spec.rb:6:in `block (3 levels) in <top (required)>'
  vendor/bundle/ruby/1.9.1/gems/rspec-core-2.13.1/lib/rspec/core/example.rb:237:in `instance_eval'
  vendor/bundle/ruby/1.9.1/gems/rspec-core-2.13.1/lib/rspec/core/example.rb:237:in `instance_eval'
  vendor/bundle/ruby/1.9.1/gems/rspec-core-2.13.1/lib/rspec/core/hooks.rb:21:in `run'
  vendor/bundle/ruby/1.9.1/gems/rspec-core-2.13.1/lib/rspec/core/hooks.rb:66:in `block in run'
  vendor/bundle/ruby/1.9.1/gems/rspec-core-2.13.1/lib/rspec/core/hooks.rb:66:in `each'
  vendor/bundle/ruby/1.9.1/gems/rspec-core-2.13.1/lib/rspec/core/hooks.rb:66:in `run'
  vendor/bundle/ruby/1.9.1/gems/rspec-core-2.13.1/lib/rspec/core/hooks.rb:418:in `run_hook'
  vendor/bundle/ruby/1.9.1/gems/rspec-core-2.13.1/lib/rspec/core/example_group.rb:334:in `run_before_each_hooks'
  vendor/bundle/ruby/1.9.1/gems/rspec-core-2.13.1/lib/rspec/core/example.rb:300:in `run_before_each'
  vendor/bundle/ruby/1.9.1/gems/rspec-core-2.13.1/lib/rspec/core/example.rb:113:in `block in run'
  vendor/bundle/ruby/1.9.1/gems/rspec-core-2.13.1/lib/rspec/core/example.rb:254:in `with_around_each_hooks'
  vendor/bundle/ruby/1.9.1/gems/rspec-core-2.13.1/lib/rspec/core/example.rb:111:in `run'
  vendor/bundle/ruby/1.9.1/gems/rspec-core-2.13.1/lib/rspec/core/example_group.rb:390:in `block in run_examples'
  vendor/bundle/ruby/1.9.1/gems/rspec-core-2.13.1/lib/rspec/core/example_group.rb:386:in `map'
  vendor/bundle/ruby/1.9.1/gems/rspec-core-2.13.1/lib/rspec/core/example_group.rb:386:in `run_examples'
  vendor/bundle/ruby/1.9.1/gems/rspec-core-2.13.1/lib/rspec/core/example_group.rb:371:in `run'
  vendor/bundle/ruby/1.9.1/gems/rspec-core-2.13.1/lib/rspec/core/example_group.rb:372:in `block in run'
  vendor/bundle/ruby/1.9.1/gems/rspec-core-2.13.1/lib/rspec/core/example_group.rb:372:in `map'
  vendor/bundle/ruby/1.9.1/gems/rspec-core-2.13.1/lib/rspec/core/example_group.rb:372:in `run'
  vendor/bundle/ruby/1.9.1/gems/rspec-core-2.13.1/lib/rspec/core/command_line.rb:28:in `block (2 levels) in run'
  vendor/bundle/ruby/1.9.1/gems/rspec-core-2.13.1/lib/rspec/core/command_line.rb:28:in `map'
  vendor/bundle/ruby/1.9.1/gems/rspec-core-2.13.1/lib/rspec/core/command_line.rb:28:in `block in run'
  vendor/bundle/ruby/1.9.1/gems/rspec-core-2.13.1/lib/rspec/core/reporter.rb:34:in `report'
  vendor/bundle/ruby/1.9.1/gems/rspec-core-2.13.1/lib/rspec/core/command_line.rb:25:in `run'
  vendor/bundle/ruby/1.9.1/gems/rspec-core-2.13.1/lib/rspec/core/runner.rb:80:in `run'
  vendor/bundle/ruby/1.9.1/gems/rspec-core-2.13.1/lib/rspec/core/runner.rb:17:in `block in autorun'




Started GET "/" for 127.0.0.1 at 2013-06-14 16:26:37 +0900

ArgumentError (A secret is required to generate an integrity hash for cookie session data. Use config.secret_token = "some secret phrase of at least 30 characters"in config/initializers/secret_token.rb):
  vendor/bundle/ruby/1.9.1/gems/actionpack-3.2.13/lib/action_dispatch/middleware/cookies.rb:319:in `ensure_secret_secure'
  vendor/bundle/ruby/1.9.1/gems/actionpack-3.2.13/lib/action_dispatch/middleware/cookies.rb:284:in `initialize'
  vendor/bundle/ruby/1.9.1/gems/actionpack-3.2.13/lib/action_dispatch/middleware/cookies.rb:231:in `new'
  vendor/bundle/ruby/1.9.1/gems/actionpack-3.2.13/lib/action_dispatch/middleware/cookies.rb:231:in `signed'
  vendor/bundle/ruby/1.9.1/gems/actionpack-3.2.13/lib/action_dispatch/middleware/session/cookie_store.rb:50:in `block in unpacked_cookie_data'
  vendor/bundle/ruby/1.9.1/gems/actionpack-3.2.13/lib/action_dispatch/middleware/session/abstract_store.rb:57:in `stale_session_check!'
  vendor/bundle/ruby/1.9.1/gems/actionpack-3.2.13/lib/action_dispatch/middleware/session/cookie_store.rb:48:in `unpacked_cookie_data'
  vendor/bundle/ruby/1.9.1/gems/rack-1.4.5/lib/rack/session/cookie.rb:107:in `extract_session_id'
  vendor/bundle/ruby/1.9.1/gems/actionpack-3.2.13/lib/action_dispatch/middleware/session/abstract_store.rb:53:in `block in extract_session_id'
  vendor/bundle/ruby/1.9.1/gems/actionpack-3.2.13/lib/action_dispatch/middleware/session/abstract_store.rb:57:in `stale_session_check!'
  vendor/bundle/ruby/1.9.1/gems/actionpack-3.2.13/lib/action_dispatch/middleware/session/abstract_store.rb:53:in `extract_session_id'
  vendor/bundle/ruby/1.9.1/gems/rack-1.4.5/lib/rack/session/abstract/id.rb:43:in `load_session_id!'
  vendor/bundle/ruby/1.9.1/gems/rack-1.4.5/lib/rack/session/abstract/id.rb:32:in `[]'
  vendor/bundle/ruby/1.9.1/gems/rack-1.4.5/lib/rack/session/abstract/id.rb:267:in `current_session_id'
  vendor/bundle/ruby/1.9.1/gems/rack-1.4.5/lib/rack/session/abstract/id.rb:273:in `session_exists?'
  vendor/bundle/ruby/1.9.1/gems/rack-1.4.5/lib/rack/session/abstract/id.rb:107:in `exists?'
  vendor/bundle/ruby/1.9.1/gems/rack-1.4.5/lib/rack/session/abstract/id.rb:127:in `load_for_read!'
  vendor/bundle/ruby/1.9.1/gems/rack-1.4.5/lib/rack/session/abstract/id.rb:64:in `has_key?'
  vendor/bundle/ruby/1.9.1/gems/actionpack-3.2.13/lib/action_dispatch/middleware/flash.rb:258:in `ensure in call'
  vendor/bundle/ruby/1.9.1/gems/actionpack-3.2.13/lib/action_dispatch/middleware/flash.rb:259:in `call'
  vendor/bundle/ruby/1.9.1/gems/rack-1.4.5/lib/rack/session/abstract/id.rb:210:in `context'
  vendor/bundle/ruby/1.9.1/gems/rack-1.4.5/lib/rack/session/abstract/id.rb:205:in `call'
  vendor/bundle/ruby/1.9.1/gems/actionpack-3.2.13/lib/action_dispatch/middleware/cookies.rb:341:in `call'
  vendor/bundle/ruby/1.9.1/gems/actionpack-3.2.13/lib/action_dispatch/middleware/callbacks.rb:28:in `block in call'
  vendor/bundle/ruby/1.9.1/gems/activesupport-3.2.13/lib/active_support/callbacks.rb:405:in `_run__1630946376711137230__call__3597100066735523322__callbacks'
  vendor/bundle/ruby/1.9.1/gems/activesupport-3.2.13/lib/active_support/callbacks.rb:405:in `__run_callback'
  vendor/bundle/ruby/1.9.1/gems/activesupport-3.2.13/lib/active_support/callbacks.rb:385:in `_run_call_callbacks'
  vendor/bundle/ruby/1.9.1/gems/activesupport-3.2.13/lib/active_support/callbacks.rb:81:in `run_callbacks'
  vendor/bundle/ruby/1.9.1/gems/actionpack-3.2.13/lib/action_dispatch/middleware/callbacks.rb:27:in `call'
  vendor/bundle/ruby/1.9.1/gems/actionpack-3.2.13/lib/action_dispatch/middleware/reloader.rb:65:in `call'
  vendor/bundle/ruby/1.9.1/gems/actionpack-3.2.13/lib/action_dispatch/middleware/remote_ip.rb:31:in `call'
  vendor/bundle/ruby/1.9.1/gems/actionpack-3.2.13/lib/action_dispatch/middleware/debug_exceptions.rb:16:in `call'
  vendor/bundle/ruby/1.9.1/gems/actionpack-3.2.13/lib/action_dispatch/middleware/show_exceptions.rb:56:in `call'
  vendor/bundle/ruby/1.9.1/gems/railties-3.2.13/lib/rails/rack/logger.rb:32:in `call_app'
  vendor/bundle/ruby/1.9.1/gems/railties-3.2.13/lib/rails/rack/logger.rb:16:in `block in call'
  vendor/bundle/ruby/1.9.1/gems/activesupport-3.2.13/lib/active_support/tagged_logging.rb:22:in `tagged'
  vendor/bundle/ruby/1.9.1/gems/railties-3.2.13/lib/rails/rack/logger.rb:16:in `call'
  vendor/bundle/ruby/1.9.1/gems/actionpack-3.2.13/lib/action_dispatch/middleware/request_id.rb:22:in `call'
  vendor/bundle/ruby/1.9.1/gems/rack-1.4.5/lib/rack/methodoverride.rb:21:in `call'
  vendor/bundle/ruby/1.9.1/gems/rack-1.4.5/lib/rack/runtime.rb:17:in `call'
  vendor/bundle/ruby/1.9.1/gems/activesupport-3.2.13/lib/active_support/cache/strategy/local_cache.rb:72:in `call'
  vendor/bundle/ruby/1.9.1/gems/rack-1.4.5/lib/rack/lock.rb:15:in `call'
  vendor/bundle/ruby/1.9.1/gems/actionpack-3.2.13/lib/action_dispatch/middleware/static.rb:63:in `call'
  vendor/bundle/ruby/1.9.1/gems/railties-3.2.13/lib/rails/engine.rb:479:in `call'
  vendor/bundle/ruby/1.9.1/gems/railties-3.2.13/lib/rails/application.rb:223:in `call'
  vendor/bundle/ruby/1.9.1/gems/rack-1.4.5/lib/rack/builder.rb:134:in `call'
  vendor/bundle/ruby/1.9.1/gems/rack-1.4.5/lib/rack/urlmap.rb:64:in `block in call'
  vendor/bundle/ruby/1.9.1/gems/rack-1.4.5/lib/rack/urlmap.rb:49:in `each'
  vendor/bundle/ruby/1.9.1/gems/rack-1.4.5/lib/rack/urlmap.rb:49:in `call'
  vendor/bundle/ruby/1.9.1/gems/rack-test-0.6.2/lib/rack/mock_session.rb:30:in `request'
  vendor/bundle/ruby/1.9.1/gems/rack-test-0.6.2/lib/rack/test.rb:230:in `process_request'
  vendor/bundle/ruby/1.9.1/gems/rack-test-0.6.2/lib/rack/test.rb:57:in `get'
  /Users/usr0600239/.rbenv/versions/1.9.3-p194/lib/ruby/1.9.1/forwardable.rb:201:in `get'
  vendor/bundle/ruby/1.9.1/gems/capybara-2.1.0/lib/capybara/rack_test/browser.rb:59:in `process'
  vendor/bundle/ruby/1.9.1/gems/capybara-2.1.0/lib/capybara/rack_test/browser.rb:35:in `process_and_follow_redirects'
  vendor/bundle/ruby/1.9.1/gems/capybara-2.1.0/lib/capybara/rack_test/browser.rb:21:in `visit'
  vendor/bundle/ruby/1.9.1/gems/capybara-2.1.0/lib/capybara/rack_test/driver.rb:42:in `visit'
  vendor/bundle/ruby/1.9.1/gems/capybara-2.1.0/lib/capybara/session.rb:193:in `visit'
  vendor/bundle/ruby/1.9.1/gems/capybara-2.1.0/lib/capybara/dsl.rb:51:in `block (2 levels) in <module:DSL>'
  spec/features/locale_spec.rb:6:in `block (3 levels) in <top (required)>'
  vendor/bundle/ruby/1.9.1/gems/rspec-core-2.13.1/lib/rspec/core/example.rb:237:in `instance_eval'
  vendor/bundle/ruby/1.9.1/gems/rspec-core-2.13.1/lib/rspec/core/example.rb:237:in `instance_eval'
  vendor/bundle/ruby/1.9.1/gems/rspec-core-2.13.1/lib/rspec/core/hooks.rb:21:in `run'
  vendor/bundle/ruby/1.9.1/gems/rspec-core-2.13.1/lib/rspec/core/hooks.rb:66:in `block in run'
  vendor/bundle/ruby/1.9.1/gems/rspec-core-2.13.1/lib/rspec/core/hooks.rb:66:in `each'
  vendor/bundle/ruby/1.9.1/gems/rspec-core-2.13.1/lib/rspec/core/hooks.rb:66:in `run'
  vendor/bundle/ruby/1.9.1/gems/rspec-core-2.13.1/lib/rspec/core/hooks.rb:418:in `run_hook'
  vendor/bundle/ruby/1.9.1/gems/rspec-core-2.13.1/lib/rspec/core/example_group.rb:334:in `run_before_each_hooks'
  vendor/bundle/ruby/1.9.1/gems/rspec-core-2.13.1/lib/rspec/core/example.rb:300:in `run_before_each'
  vendor/bundle/ruby/1.9.1/gems/rspec-core-2.13.1/lib/rspec/core/example.rb:113:in `block in run'
  vendor/bundle/ruby/1.9.1/gems/rspec-core-2.13.1/lib/rspec/core/example.rb:254:in `with_around_each_hooks'
  vendor/bundle/ruby/1.9.1/gems/rspec-core-2.13.1/lib/rspec/core/example.rb:111:in `run'
  vendor/bundle/ruby/1.9.1/gems/rspec-core-2.13.1/lib/rspec/core/example_group.rb:390:in `block in run_examples'
  vendor/bundle/ruby/1.9.1/gems/rspec-core-2.13.1/lib/rspec/core/example_group.rb:386:in `map'
  vendor/bundle/ruby/1.9.1/gems/rspec-core-2.13.1/lib/rspec/core/example_group.rb:386:in `run_examples'
  vendor/bundle/ruby/1.9.1/gems/rspec-core-2.13.1/lib/rspec/core/example_group.rb:371:in `run'
  vendor/bundle/ruby/1.9.1/gems/rspec-core-2.13.1/lib/rspec/core/example_group.rb:372:in `block in run'
  vendor/bundle/ruby/1.9.1/gems/rspec-core-2.13.1/lib/rspec/core/example_group.rb:372:in `map'
  vendor/bundle/ruby/1.9.1/gems/rspec-core-2.13.1/lib/rspec/core/example_group.rb:372:in `run'
  vendor/bundle/ruby/1.9.1/gems/rspec-core-2.13.1/lib/rspec/core/command_line.rb:28:in `block (2 levels) in run'
  vendor/bundle/ruby/1.9.1/gems/rspec-core-2.13.1/lib/rspec/core/command_line.rb:28:in `map'
  vendor/bundle/ruby/1.9.1/gems/rspec-core-2.13.1/lib/rspec/core/command_line.rb:28:in `block in run'
  vendor/bundle/ruby/1.9.1/gems/rspec-core-2.13.1/lib/rspec/core/reporter.rb:34:in `report'
  vendor/bundle/ruby/1.9.1/gems/rspec-core-2.13.1/lib/rspec/core/command_line.rb:25:in `run'
  vendor/bundle/ruby/1.9.1/gems/rspec-core-2.13.1/lib/rspec/core/runner.rb:80:in `run'
  vendor/bundle/ruby/1.9.1/gems/rspec-core-2.13.1/lib/rspec/core/runner.rb:17:in `block in autorun'




Started GET "/" for 127.0.0.1 at 2013-06-14 16:36:28 +0900

ArgumentError (A secret is required to generate an integrity hash for cookie session data. Use config.secret_token = "some secret phrase of at least 30 characters"in config/initializers/secret_token.rb):
  vendor/bundle/ruby/1.9.1/gems/actionpack-3.2.13/lib/action_dispatch/middleware/cookies.rb:319:in `ensure_secret_secure'
  vendor/bundle/ruby/1.9.1/gems/actionpack-3.2.13/lib/action_dispatch/middleware/cookies.rb:284:in `initialize'
  vendor/bundle/ruby/1.9.1/gems/actionpack-3.2.13/lib/action_dispatch/middleware/cookies.rb:231:in `new'
  vendor/bundle/ruby/1.9.1/gems/actionpack-3.2.13/lib/action_dispatch/middleware/cookies.rb:231:in `signed'
  vendor/bundle/ruby/1.9.1/gems/actionpack-3.2.13/lib/action_dispatch/middleware/session/cookie_store.rb:50:in `block in unpacked_cookie_data'
  vendor/bundle/ruby/1.9.1/gems/actionpack-3.2.13/lib/action_dispatch/middleware/session/abstract_store.rb:57:in `stale_session_check!'
  vendor/bundle/ruby/1.9.1/gems/actionpack-3.2.13/lib/action_dispatch/middleware/session/cookie_store.rb:48:in `unpacked_cookie_data'
  vendor/bundle/ruby/1.9.1/gems/rack-1.4.5/lib/rack/session/cookie.rb:107:in `extract_session_id'
  vendor/bundle/ruby/1.9.1/gems/actionpack-3.2.13/lib/action_dispatch/middleware/session/abstract_store.rb:53:in `block in extract_session_id'
  vendor/bundle/ruby/1.9.1/gems/actionpack-3.2.13/lib/action_dispatch/middleware/session/abstract_store.rb:57:in `stale_session_check!'
  vendor/bundle/ruby/1.9.1/gems/actionpack-3.2.13/lib/action_dispatch/middleware/session/abstract_store.rb:53:in `extract_session_id'
  vendor/bundle/ruby/1.9.1/gems/rack-1.4.5/lib/rack/session/abstract/id.rb:43:in `load_session_id!'
  vendor/bundle/ruby/1.9.1/gems/rack-1.4.5/lib/rack/session/abstract/id.rb:32:in `[]'
  vendor/bundle/ruby/1.9.1/gems/rack-1.4.5/lib/rack/session/abstract/id.rb:267:in `current_session_id'
  vendor/bundle/ruby/1.9.1/gems/rack-1.4.5/lib/rack/session/abstract/id.rb:273:in `session_exists?'
  vendor/bundle/ruby/1.9.1/gems/rack-1.4.5/lib/rack/session/abstract/id.rb:107:in `exists?'
  vendor/bundle/ruby/1.9.1/gems/rack-1.4.5/lib/rack/session/abstract/id.rb:127:in `load_for_read!'
  vendor/bundle/ruby/1.9.1/gems/rack-1.4.5/lib/rack/session/abstract/id.rb:64:in `has_key?'
  vendor/bundle/ruby/1.9.1/gems/actionpack-3.2.13/lib/action_dispatch/middleware/flash.rb:258:in `ensure in call'
  vendor/bundle/ruby/1.9.1/gems/actionpack-3.2.13/lib/action_dispatch/middleware/flash.rb:259:in `call'
  vendor/bundle/ruby/1.9.1/gems/rack-1.4.5/lib/rack/session/abstract/id.rb:210:in `context'
  vendor/bundle/ruby/1.9.1/gems/rack-1.4.5/lib/rack/session/abstract/id.rb:205:in `call'
  vendor/bundle/ruby/1.9.1/gems/actionpack-3.2.13/lib/action_dispatch/middleware/cookies.rb:341:in `call'
  vendor/bundle/ruby/1.9.1/gems/actionpack-3.2.13/lib/action_dispatch/middleware/callbacks.rb:28:in `block in call'
  vendor/bundle/ruby/1.9.1/gems/activesupport-3.2.13/lib/active_support/callbacks.rb:405:in `_run__124882050097015324__call__3210062903016396952__callbacks'
  vendor/bundle/ruby/1.9.1/gems/activesupport-3.2.13/lib/active_support/callbacks.rb:405:in `__run_callback'
  vendor/bundle/ruby/1.9.1/gems/activesupport-3.2.13/lib/active_support/callbacks.rb:385:in `_run_call_callbacks'
  vendor/bundle/ruby/1.9.1/gems/activesupport-3.2.13/lib/active_support/callbacks.rb:81:in `run_callbacks'
  vendor/bundle/ruby/1.9.1/gems/actionpack-3.2.13/lib/action_dispatch/middleware/callbacks.rb:27:in `call'
  vendor/bundle/ruby/1.9.1/gems/actionpack-3.2.13/lib/action_dispatch/middleware/reloader.rb:65:in `call'
  vendor/bundle/ruby/1.9.1/gems/actionpack-3.2.13/lib/action_dispatch/middleware/remote_ip.rb:31:in `call'
  vendor/bundle/ruby/1.9.1/gems/actionpack-3.2.13/lib/action_dispatch/middleware/debug_exceptions.rb:16:in `call'
  vendor/bundle/ruby/1.9.1/gems/actionpack-3.2.13/lib/action_dispatch/middleware/show_exceptions.rb:56:in `call'
  vendor/bundle/ruby/1.9.1/gems/railties-3.2.13/lib/rails/rack/logger.rb:32:in `call_app'
  vendor/bundle/ruby/1.9.1/gems/railties-3.2.13/lib/rails/rack/logger.rb:16:in `block in call'
  vendor/bundle/ruby/1.9.1/gems/activesupport-3.2.13/lib/active_support/tagged_logging.rb:22:in `tagged'
  vendor/bundle/ruby/1.9.1/gems/railties-3.2.13/lib/rails/rack/logger.rb:16:in `call'
  vendor/bundle/ruby/1.9.1/gems/actionpack-3.2.13/lib/action_dispatch/middleware/request_id.rb:22:in `call'
  vendor/bundle/ruby/1.9.1/gems/rack-1.4.5/lib/rack/methodoverride.rb:21:in `call'
  vendor/bundle/ruby/1.9.1/gems/rack-1.4.5/lib/rack/runtime.rb:17:in `call'
  vendor/bundle/ruby/1.9.1/gems/activesupport-3.2.13/lib/active_support/cache/strategy/local_cache.rb:72:in `call'
  vendor/bundle/ruby/1.9.1/gems/rack-1.4.5/lib/rack/lock.rb:15:in `call'
  vendor/bundle/ruby/1.9.1/gems/actionpack-3.2.13/lib/action_dispatch/middleware/static.rb:63:in `call'
  vendor/bundle/ruby/1.9.1/gems/railties-3.2.13/lib/rails/engine.rb:479:in `call'
  vendor/bundle/ruby/1.9.1/gems/railties-3.2.13/lib/rails/application.rb:223:in `call'
  vendor/bundle/ruby/1.9.1/gems/rack-1.4.5/lib/rack/builder.rb:134:in `call'
  vendor/bundle/ruby/1.9.1/gems/rack-1.4.5/lib/rack/urlmap.rb:64:in `block in call'
  vendor/bundle/ruby/1.9.1/gems/rack-1.4.5/lib/rack/urlmap.rb:49:in `each'
  vendor/bundle/ruby/1.9.1/gems/rack-1.4.5/lib/rack/urlmap.rb:49:in `call'
  vendor/bundle/ruby/1.9.1/gems/rack-test-0.6.2/lib/rack/mock_session.rb:30:in `request'
  vendor/bundle/ruby/1.9.1/gems/rack-test-0.6.2/lib/rack/test.rb:230:in `process_request'
  vendor/bundle/ruby/1.9.1/gems/rack-test-0.6.2/lib/rack/test.rb:57:in `get'
  /Users/usr0600239/.rbenv/versions/1.9.3-p194/lib/ruby/1.9.1/forwardable.rb:201:in `get'
  vendor/bundle/ruby/1.9.1/gems/capybara-2.1.0/lib/capybara/rack_test/browser.rb:59:in `process'
  vendor/bundle/ruby/1.9.1/gems/capybara-2.1.0/lib/capybara/rack_test/browser.rb:35:in `process_and_follow_redirects'
  vendor/bundle/ruby/1.9.1/gems/capybara-2.1.0/lib/capybara/rack_test/browser.rb:21:in `visit'
  vendor/bundle/ruby/1.9.1/gems/capybara-2.1.0/lib/capybara/rack_test/driver.rb:42:in `visit'
  vendor/bundle/ruby/1.9.1/gems/capybara-2.1.0/lib/capybara/session.rb:193:in `visit'
  vendor/bundle/ruby/1.9.1/gems/capybara-2.1.0/lib/capybara/dsl.rb:51:in `block (2 levels) in <module:DSL>'
  spec/features/locale_spec.rb:6:in `block (3 levels) in <top (required)>'
  vendor/bundle/ruby/1.9.1/gems/rspec-core-2.13.1/lib/rspec/core/example.rb:237:in `instance_eval'
  vendor/bundle/ruby/1.9.1/gems/rspec-core-2.13.1/lib/rspec/core/example.rb:237:in `instance_eval'
  vendor/bundle/ruby/1.9.1/gems/rspec-core-2.13.1/lib/rspec/core/hooks.rb:21:in `run'
  vendor/bundle/ruby/1.9.1/gems/rspec-core-2.13.1/lib/rspec/core/hooks.rb:66:in `block in run'
  vendor/bundle/ruby/1.9.1/gems/rspec-core-2.13.1/lib/rspec/core/hooks.rb:66:in `each'
  vendor/bundle/ruby/1.9.1/gems/rspec-core-2.13.1/lib/rspec/core/hooks.rb:66:in `run'
  vendor/bundle/ruby/1.9.1/gems/rspec-core-2.13.1/lib/rspec/core/hooks.rb:418:in `run_hook'
  vendor/bundle/ruby/1.9.1/gems/rspec-core-2.13.1/lib/rspec/core/example_group.rb:334:in `run_before_each_hooks'
  vendor/bundle/ruby/1.9.1/gems/rspec-core-2.13.1/lib/rspec/core/example.rb:300:in `run_before_each'
  vendor/bundle/ruby/1.9.1/gems/rspec-core-2.13.1/lib/rspec/core/example.rb:113:in `block in run'
  vendor/bundle/ruby/1.9.1/gems/rspec-core-2.13.1/lib/rspec/core/example.rb:254:in `with_around_each_hooks'
  vendor/bundle/ruby/1.9.1/gems/rspec-core-2.13.1/lib/rspec/core/example.rb:111:in `run'
  vendor/bundle/ruby/1.9.1/gems/rspec-core-2.13.1/lib/rspec/core/example_group.rb:390:in `block in run_examples'
  vendor/bundle/ruby/1.9.1/gems/rspec-core-2.13.1/lib/rspec/core/example_group.rb:386:in `map'
  vendor/bundle/ruby/1.9.1/gems/rspec-core-2.13.1/lib/rspec/core/example_group.rb:386:in `run_examples'
  vendor/bundle/ruby/1.9.1/gems/rspec-core-2.13.1/lib/rspec/core/example_group.rb:371:in `run'
  vendor/bundle/ruby/1.9.1/gems/rspec-core-2.13.1/lib/rspec/core/example_group.rb:372:in `block in run'
  vendor/bundle/ruby/1.9.1/gems/rspec-core-2.13.1/lib/rspec/core/example_group.rb:372:in `map'
  vendor/bundle/ruby/1.9.1/gems/rspec-core-2.13.1/lib/rspec/core/example_group.rb:372:in `run'
  vendor/bundle/ruby/1.9.1/gems/rspec-core-2.13.1/lib/rspec/core/command_line.rb:28:in `block (2 levels) in run'
  vendor/bundle/ruby/1.9.1/gems/rspec-core-2.13.1/lib/rspec/core/command_line.rb:28:in `map'
  vendor/bundle/ruby/1.9.1/gems/rspec-core-2.13.1/lib/rspec/core/command_line.rb:28:in `block in run'
  vendor/bundle/ruby/1.9.1/gems/rspec-core-2.13.1/lib/rspec/core/reporter.rb:34:in `report'
  vendor/bundle/ruby/1.9.1/gems/rspec-core-2.13.1/lib/rspec/core/command_line.rb:25:in `run'
  vendor/bundle/ruby/1.9.1/gems/rspec-core-2.13.1/lib/rspec/core/runner.rb:80:in `run'
  vendor/bundle/ruby/1.9.1/gems/rspec-core-2.13.1/lib/rspec/core/runner.rb:17:in `block in autorun'


Processing by RootController#show as HTML
Completed 500 Internal Server Error in 0ms
Processing by RootController#show as HTML
Completed 500 Internal Server Error in 17ms
Processing by RootController#index as HTML
Completed 500 Internal Server Error in 0ms
Processing by RootController#index as HTML
Completed 500 Internal Server Error in 17ms
Processing by RootController#index as HTML
Completed 500 Internal Server Error in 19ms
Processing by RootController#index as HTML
Completed 500 Internal Server Error in 0ms
Processing by RootController#index as HTML
Completed 500 Internal Server Error in 17ms
Processing by RootController#index as HTML
Completed 500 Internal Server Error in 1ms
Processing by RootController#index as HTML
Completed 500 Internal Server Error in 1ms
Processing by RootController#index as HTML
  Rendered text template (0.0ms)
Completed 200 OK in 12ms (Views: 11.4ms)
Processing by RootController#index as HTML
  Rendered text template (0.0ms)
Completed 200 OK in 26ms (Views: 26.2ms)
Processing by RootController#index as HTML
  Rendered text template (0.0ms)
Completed 200 OK in 27ms (Views: 26.9ms)
Processing by RootController#index as HTML
  Rendered text template (0.0ms)
Completed 200 OK in 28ms (Views: 27.3ms)
Processing by RootController#index as HTML
  Rendered text template (0.0ms)
Completed 200 OK in 28ms (Views: 10.6ms)
Processing by RootController#index as HTML
  Rendered text template (0.0ms)
Completed 200 OK in 31ms (Views: 9.3ms)
Processing by RootController#index as HTML
  Rendered text template (0.0ms)
Completed 200 OK in 30ms (Views: 11.5ms)
Processing by RootController#index as HTML
  Rendered text template (0.0ms)
Completed 200 OK in 13ms (Views: 12.6ms)
Processing by RootController#index as HTML
  Rendered text template (0.0ms)
Completed 200 OK in 14ms (Views: 13.8ms)
Processing by RootController#index as HTML
Completed 200 OK in 0ms (Views: 0.2ms)
Processing by RootController#index as HTML
Completed 200 OK in 0ms (Views: 0.2ms)
Processing by RootController#index as HTML
  Rendered text template (0.0ms)
Completed 200 OK in 12ms (Views: 11.3ms)
Processing by RootController#index as HTML
Completed 200 OK in 0ms (Views: 0.2ms)
Processing by RootController#index as HTML
Completed 200 OK in 0ms (Views: 0.2ms)
Processing by RootController#index as HTML
  Rendered text template (0.0ms)
Completed 200 OK in 13ms (Views: 12.2ms)
Processing by RootController#index as HTML
Completed 200 OK in 0ms (Views: 0.2ms)
Processing by RootController#index as HTML
Completed 200 OK in 0ms (Views: 0.2ms)
Processing by RootController#index as HTML
Completed 200 OK in 0ms (Views: 0.3ms)
Processing by RootController#index as HTML
Completed 200 OK in 0ms (Views: 0.2ms)
Processing by RootController#index as HTML
  Rendered text template (0.0ms)
Completed 200 OK in 12ms (Views: 11.2ms)
Processing by RootController#index as HTML
Completed 200 OK in 0ms (Views: 0.2ms)
Processing by RootController#index as HTML
Completed 200 OK in 1ms (Views: 0.3ms)
Processing by RootController#index as HTML
  Parameters: {"locale"=>"fr"}
Completed 200 OK in 0ms (Views: 0.2ms)
Processing by RootController#index as HTML
Completed 200 OK in 0ms (Views: 0.3ms)
Processing by RootController#index as HTML
Completed 200 OK in 0ms (Views: 0.2ms)
Processing by RootController#index as HTML
  Rendered text template (0.0ms)
Completed 200 OK in 13ms (Views: 12.8ms)
Processing by RootController#index as HTML
Completed 200 OK in 0ms (Views: 0.2ms)
Processing by RootController#index as HTML
Completed 200 OK in 0ms (Views: 0.2ms)
Processing by RootController#index as HTML
  Parameters: {"locale"=>"fr"}
Completed 200 OK in 0ms (Views: 0.2ms)
Processing by RootController#index as HTML
Completed 200 OK in 0ms (Views: 0.2ms)
Processing by RootController#index as HTML
Completed 200 OK in 0ms (Views: 0.2ms)
Processing by RootController#index as HTML
  Rendered text template (0.0ms)
Completed 200 OK in 12ms (Views: 12.0ms)
Processing by RootController#index as HTML
Completed 200 OK in 0ms (Views: 0.2ms)
Processing by RootController#index as HTML
Completed 200 OK in 0ms (Views: 0.2ms)
Processing by RootController#index as HTML
  Parameters: {"locale"=>"fr"}
Completed 200 OK in 0ms (Views: 0.2ms)
Processing by RootController#index as HTML
Completed 200 OK in 0ms (Views: 0.2ms)
Processing by RootController#index as HTML
Completed 200 OK in 0ms (Views: 0.3ms)
Processing by RootController#index as HTML
  Rendered text template (0.0ms)
Completed 200 OK in 11ms (Views: 11.1ms)
Processing by RootController#index as HTML
Completed 200 OK in 0ms (Views: 0.2ms)
Processing by RootController#index as HTML
Completed 200 OK in 0ms (Views: 0.2ms)
Processing by RootController#index as HTML
  Parameters: {"locale"=>"fr"}
Completed 200 OK in 0ms (Views: 0.2ms)
Processing by RootController#index as HTML
Completed 200 OK in 0ms (Views: 0.2ms)
Processing by RootController#index as HTML
Completed 200 OK in 0ms (Views: 0.2ms)
Processing by RootController#index as HTML
  Rendered text template (0.0ms)
Completed 200 OK in 11ms (Views: 10.8ms)
Processing by RootController#index as HTML
Completed 200 OK in 0ms (Views: 0.2ms)
Processing by RootController#index as HTML
Completed 200 OK in 0ms (Views: 0.2ms)
Processing by RootController#index as HTML
  Parameters: {"locale"=>"fr"}
Completed 200 OK in 0ms (Views: 0.2ms)
Processing by RootController#index as HTML
Completed 200 OK in 0ms (Views: 0.2ms)
Processing by RootController#index as HTML
Completed 200 OK in 0ms (Views: 0.2ms)
